#
# There is insufficient memory for the Java Runtime Environment to continue.
# Native memory allocation (mmap) failed to map 2147483648 bytes for G1 virtual space
# Possible reasons:
#   The system is out of physical RAM or swap space
#   The process is running with CompressedOops enabled, and the Java Heap may be blocking the growth of the native heap
# Possible solutions:
#   Reduce memory load on the system
#   Increase physical memory or swap space
#   Check if swap backing store is full
#   Decrease Java heap size (-Xmx/-Xms)
#   Decrease number of Java threads
#   Decrease Java thread stack sizes (-Xss)
#   Set larger code cache with -XX:ReservedCodeCacheSize=
#   JVM is running with Zero Based Compressed Oops mode in which the Java heap is
#     placed in the first 32GB address space. The Java Heap base address is the
#     maximum limit for the native heap growth. Please use -XX:HeapBaseMinAddress
#     to set the Java Heap base and to place the Java Heap above 32GB virtual address.
# This output file may be truncated or incomplete.
#
#  Out of Memory Error (os_windows.cpp:3532), pid=10016, tid=15768
#
# JRE version: OpenJDK Runtime Environment Temurin-17.0.2+8 (17.0.2+8) (build 17.0.2+8)
# Java VM: OpenJDK 64-Bit Server VM Temurin-17.0.2+8 (17.0.2+8, mixed mode, tiered, compressed oops, compressed class ptrs, g1 gc, windows-amd64)
# No core dump will be written. Minidumps are not enabled by default on client versions of Windows
#

---------------  S U M M A R Y ------------

Command Line: -Xmx14336m -Xms1024m -Dfile.encoding=Cp1252 -XX:+ShowCodeDetailsInExceptionMessages ptyxio

Host: 11th Gen Intel(R) Core(TM) i7-1165G7 @ 2.80GHz, 8 cores, 15G,  Windows 10 , 64 bit Build 19041 (10.0.19041.1566)
Time: Wed Mar 16 17:11:16 2022 GTB Standard Time elapsed time: 0.378920 seconds (0d 0h 0m 0s)

---------------  T H R E A D  ---------------

Current thread (0x000001a1fb1ca9f0):  VMThread "VM Thread" [stack: 0x00000043b8400000,0x00000043b8500000] [id=15768]

Stack: [0x00000043b8400000,0x00000043b8500000]
Native frames: (J=compiled Java code, j=interpreted, Vv=VM code, C=native code)
V  [jvm.dll+0x67564a]
V  [jvm.dll+0x82fc04]
V  [jvm.dll+0x8313ae]
V  [jvm.dll+0x831a13]
V  [jvm.dll+0x245235]
V  [jvm.dll+0x672539]
V  [jvm.dll+0x666e82]
V  [jvm.dll+0x30401b]
V  [jvm.dll+0x30b566]
V  [jvm.dll+0x35b1fe]
V  [jvm.dll+0x35b42f]
V  [jvm.dll+0x2daf58]
V  [jvm.dll+0x2d920c]
V  [jvm.dll+0x2d87dc]
V  [jvm.dll+0x31c61b]
V  [jvm.dll+0x835ebb]
V  [jvm.dll+0x836bf4]
V  [jvm.dll+0x83710c]
V  [jvm.dll+0x8374e4]
V  [jvm.dll+0x8375b0]
V  [jvm.dll+0x7dff2a]
V  [jvm.dll+0x6744d5]
C  [ucrtbase.dll+0x21bb2]
C  [KERNEL32.DLL+0x17034]
C  [ntdll.dll+0x52651]

VM_Operation (0x00000043b7eff1c0): G1CollectForAllocation, mode: safepoint, requested by thread 0x000001a1ed8becb0


---------------  P R O C E S S  ---------------

Threads class SMR info:
_java_thread_list=0x000001a1fb3ba760, length=13, elements={
0x000001a1ed8becb0, 0x000001a1fab3e280, 0x000001a1fb1abff0, 0x000001a1fb2046c0,
0x000001a1fb207090, 0x000001a1fb207d60, 0x000001a1fb239420, 0x000001a1fb245520,
0x000001a1fb245e20, 0x000001a1fb246f30, 0x000001a1fb3a0fe0, 0x000001a1fb3b2140,
0x000001a1fb3bf240
}

Java Threads: ( => current thread )
  0x000001a1ed8becb0 JavaThread "main" [_thread_blocked, id=516, stack(0x00000043b7e00000,0x00000043b7f00000)]
  0x000001a1fab3e280 JavaThread "Reference Handler" daemon [_thread_blocked, id=21324, stack(0x00000043b8500000,0x00000043b8600000)]
  0x000001a1fb1abff0 JavaThread "Finalizer" daemon [_thread_blocked, id=24456, stack(0x00000043b8600000,0x00000043b8700000)]
  0x000001a1fb2046c0 JavaThread "Signal Dispatcher" daemon [_thread_blocked, id=1376, stack(0x00000043b8700000,0x00000043b8800000)]
  0x000001a1fb207090 JavaThread "Attach Listener" daemon [_thread_blocked, id=16440, stack(0x00000043b8800000,0x00000043b8900000)]
  0x000001a1fb207d60 JavaThread "Service Thread" daemon [_thread_blocked, id=132, stack(0x00000043b8900000,0x00000043b8a00000)]
  0x000001a1fb239420 JavaThread "Monitor Deflation Thread" daemon [_thread_blocked, id=21096, stack(0x00000043b8a00000,0x00000043b8b00000)]
  0x000001a1fb245520 JavaThread "C2 CompilerThread0" daemon [_thread_blocked, id=21604, stack(0x00000043b8b00000,0x00000043b8c00000)]
  0x000001a1fb245e20 JavaThread "C1 CompilerThread0" daemon [_thread_blocked, id=17396, stack(0x00000043b8c00000,0x00000043b8d00000)]
  0x000001a1fb246f30 JavaThread "Sweeper thread" daemon [_thread_blocked, id=21512, stack(0x00000043b8d00000,0x00000043b8e00000)]
  0x000001a1fb3a0fe0 JavaThread "Notification Thread" daemon [_thread_blocked, id=1684, stack(0x00000043b8e00000,0x00000043b8f00000)]
  0x000001a1fb3b2140 JavaThread "Common-Cleaner" daemon [_thread_blocked, id=24316, stack(0x00000043b9000000,0x00000043b9100000)]
  0x000001a1fb3bf240 JavaThread "C2 CompilerThread1" daemon [_thread_blocked, id=7468, stack(0x00000043b9100000,0x00000043b9200000)]

Other Threads:
=>0x000001a1fb1ca9f0 VMThread "VM Thread" [stack: 0x00000043b8400000,0x00000043b8500000] [id=15768]
  0x000001a1ed97f100 WatcherThread [stack: 0x00000043b8f00000,0x00000043b9000000] [id=3880]
  0x000001a1ed967060 GCTaskThread "GC Thread#0" [stack: 0x00000043b7f00000,0x00000043b8000000] [id=18952]
  0x000001a1fc2c3190 GCTaskThread "GC Thread#1" [stack: 0x00000043b9200000,0x00000043b9300000] [id=9856]
  0x000001a1fc0da1f0 GCTaskThread "GC Thread#2" [stack: 0x00000043b9300000,0x00000043b9400000] [id=22864]
  0x000001a1fc185bb0 GCTaskThread "GC Thread#3" [stack: 0x00000043b9400000,0x00000043b9500000] [id=23476]
  0x000001a1fc0ef6b0 GCTaskThread "GC Thread#4" [stack: 0x00000043b9500000,0x00000043b9600000] [id=22544]
  0x000001a1fc0f0980 GCTaskThread "GC Thread#5" [stack: 0x00000043b9600000,0x00000043b9700000] [id=2208]
  0x000001a1fc0efc10 GCTaskThread "GC Thread#6" [stack: 0x00000043b9700000,0x00000043b9800000] [id=17620]
  0x000001a1fc0f0c30 GCTaskThread "GC Thread#7" [stack: 0x00000043b9800000,0x00000043b9900000] [id=10616]
  0x000001a1ed975fa0 ConcurrentGCThread "G1 Main Marker" [stack: 0x00000043b8000000,0x00000043b8100000] [id=8588]
  0x000001a1ed978160 ConcurrentGCThread "G1 Conc#0" [stack: 0x00000043b8100000,0x00000043b8200000] [id=3400]
  0x000001a1ed99e900 ConcurrentGCThread "G1 Refine#0" [stack: 0x00000043b8200000,0x00000043b8300000] [id=19616]
  0x000001a1fc29ae60 ConcurrentGCThread "G1 Refine#1" [stack: 0x00000043b9900000,0x00000043b9a00000] [id=23772]
  0x000001a1fc0515b0 ConcurrentGCThread "G1 Refine#2" [stack: 0x00000043b9a00000,0x00000043b9b00000] [id=23604]
  0x000001a1fc3d10d0 ConcurrentGCThread "G1 Refine#3" [stack: 0x00000043b9b00000,0x00000043b9c00000] [id=24072]
  0x000001a1fc1e9520 ConcurrentGCThread "G1 Refine#4" [stack: 0x00000043b9c00000,0x00000043b9d00000] [id=1676]
  0x000001a1fc04f9a0 ConcurrentGCThread "G1 Refine#5" [stack: 0x00000043b9d00000,0x00000043b9e00000] [id=19968]
  0x000001a1fc04b160 ConcurrentGCThread "G1 Refine#6" [stack: 0x00000043b9e00000,0x00000043b9f00000] [id=14768]
  0x000001a1fc0e3f00 ConcurrentGCThread "G1 Refine#7" [stack: 0x00000043b9f00000,0x00000043ba000000] [id=19696]
  0x000001a1faac2360 ConcurrentGCThread "G1 Service" [stack: 0x00000043b8300000,0x00000043b8400000] [id=4680]

Threads with active compile tasks:

VM state: at safepoint (normal execution)

VM Mutex/Monitor currently owned by a thread:  ([mutex/lock_event])
[0x000001a1ed8b9f50] Threads_lock - owner thread: 0x000001a1fb1ca9f0
[0x000001a1ed8ba070] Heap_lock - owner thread: 0x000001a1ed8becb0

Heap address: 0x0000000480000000, size: 14336 MB, Compressed Oops mode: Zero based, Oop shift amount: 3

CDS archive(s) not mapped
Compressed class space mapped at: 0x0000000800000000-0x0000000840000000, reserved size: 1073741824
Narrow klass base: 0x0000000800000000, Narrow klass shift: 0, Narrow klass range: 0x40000000

GC Precious Log:
 CPUs: 8 total, 8 available
 Memory: 16062M
 Large Page Support: Disabled
 NUMA Support: Disabled
 Compressed Oops: Enabled (Zero based)
 Heap Region Size: 8M
 Heap Min Capacity: 1G
 Heap Initial Capacity: 1G
 Heap Max Capacity: 14G
 Pre-touch: Disabled
 Parallel Workers: 8
 Concurrent Workers: 2
 Concurrent Refinement Workers: 8
 Periodic GC: Disabled

Heap:
 garbage-first heap   total 1048576K, used 179088K [0x0000000480000000, 0x0000000800000000)
  region size 8192K, 1 young (8192K), 1 survivors (8192K)
 Metaspace       used 3870K, committed 3968K, reserved 1056768K
  class space    used 313K, committed 384K, reserved 1048576K

Heap Regions: E=young(eden), S=young(survivor), O=old, HS=humongous(starts), HC=humongous(continues), CS=collection set, F=free, OA=open archive, CA=closed archive, TAMS=top-at-mark-start (previous, next)
|   0|0x0000000480000000, 0x0000000480800000, 0x0000000480800000|100%| O|  |TAMS 0x0000000480000000, 0x0000000480000000| Untracked 
|   1|0x0000000480800000, 0x0000000481000000, 0x0000000481000000|100%| O|  |TAMS 0x0000000480800000, 0x0000000480800000| Untracked 
|   2|0x0000000481000000, 0x0000000481800000, 0x0000000481800000|100%| O|  |TAMS 0x0000000481000000, 0x0000000481000000| Untracked 
|   3|0x0000000481800000, 0x0000000482000000, 0x0000000482000000|100%| O|  |TAMS 0x0000000481800000, 0x0000000481800000| Untracked 
|   4|0x0000000482000000, 0x0000000482800000, 0x0000000482800000|100%| O|  |TAMS 0x0000000482000000, 0x0000000482000000| Untracked 
|   5|0x0000000482800000, 0x0000000483000000, 0x0000000483000000|100%| O|  |TAMS 0x0000000482800000, 0x0000000482800000| Untracked 
|   6|0x0000000483000000, 0x0000000483800000, 0x0000000483800000|100%| O|  |TAMS 0x0000000483000000, 0x0000000483000000| Untracked 
|   7|0x0000000483800000, 0x0000000484000000, 0x0000000484000000|100%| O|  |TAMS 0x0000000483800000, 0x0000000483800000| Untracked 
|   8|0x0000000484000000, 0x0000000484800000, 0x0000000484800000|100%| O|  |TAMS 0x0000000484000000, 0x0000000484000000| Untracked 
|   9|0x0000000484800000, 0x0000000485000000, 0x0000000485000000|100%| O|  |TAMS 0x0000000484800000, 0x0000000484800000| Untracked 
|  10|0x0000000485000000, 0x0000000485800000, 0x0000000485800000|100%| O|  |TAMS 0x0000000485000000, 0x0000000485000000| Untracked 
|  11|0x0000000485800000, 0x0000000486000000, 0x0000000486000000|100%|HS|  |TAMS 0x0000000485800000, 0x0000000485800000| Complete 
|  12|0x0000000486000000, 0x0000000486800000, 0x0000000486800000|100%| O|  |TAMS 0x0000000486000000, 0x0000000486000000| Untracked 
|  13|0x0000000486800000, 0x0000000487000000, 0x0000000487000000|100%| O|  |TAMS 0x0000000486800000, 0x0000000486800000| Untracked 
|  14|0x0000000487000000, 0x0000000487800000, 0x0000000487800000|100%| O|  |TAMS 0x0000000487000000, 0x0000000487000000| Untracked 
|  15|0x0000000487800000, 0x0000000488000000, 0x0000000488000000|100%| O|  |TAMS 0x0000000487800000, 0x0000000487800000| Untracked 
|  16|0x0000000488000000, 0x0000000488800000, 0x0000000488800000|100%|HS|  |TAMS 0x0000000488000000, 0x0000000488000000| Complete 
|  17|0x0000000488800000, 0x0000000489000000, 0x0000000489000000|100%| O|  |TAMS 0x0000000488800000, 0x0000000488800000| Untracked 
|  18|0x0000000489000000, 0x0000000489800000, 0x0000000489800000|100%| O|  |TAMS 0x0000000489000000, 0x0000000489000000| Untracked 
|  19|0x0000000489800000, 0x000000048a000000, 0x000000048a000000|100%| O|  |TAMS 0x0000000489800000, 0x0000000489800000| Untracked 
|  20|0x000000048a000000, 0x000000048a6e4200, 0x000000048a800000| 86%| O|  |TAMS 0x000000048a000000, 0x000000048a000000| Untracked 
|  21|0x000000048a800000, 0x000000048a800000, 0x000000048b000000|  0%| F|  |TAMS 0x000000048a800000, 0x000000048a800000| Untracked 
|  22|0x000000048b000000, 0x000000048b000000, 0x000000048b800000|  0%| F|  |TAMS 0x000000048b000000, 0x000000048b000000| Untracked 
|  23|0x000000048b800000, 0x000000048b800000, 0x000000048c000000|  0%| F|  |TAMS 0x000000048b800000, 0x000000048b800000| Untracked 
|  24|0x000000048c000000, 0x000000048c000000, 0x000000048c800000|  0%| F|  |TAMS 0x000000048c000000, 0x000000048c000000| Untracked 
|  25|0x000000048c800000, 0x000000048c800000, 0x000000048d000000|  0%| F|  |TAMS 0x000000048c800000, 0x000000048c800000| Untracked 
|  26|0x000000048d000000, 0x000000048d000000, 0x000000048d800000|  0%| F|  |TAMS 0x000000048d000000, 0x000000048d000000| Untracked 
|  27|0x000000048d800000, 0x000000048d800000, 0x000000048e000000|  0%| F|  |TAMS 0x000000048d800000, 0x000000048d800000| Untracked 
|  28|0x000000048e000000, 0x000000048e000000, 0x000000048e800000|  0%| F|  |TAMS 0x000000048e000000, 0x000000048e000000| Untracked 
|  29|0x000000048e800000, 0x000000048e800000, 0x000000048f000000|  0%| F|  |TAMS 0x000000048e800000, 0x000000048e800000| Untracked 
|  30|0x000000048f000000, 0x000000048f000000, 0x000000048f800000|  0%| F|  |TAMS 0x000000048f000000, 0x000000048f000000| Untracked 
|  31|0x000000048f800000, 0x000000048f800000, 0x0000000490000000|  0%| F|  |TAMS 0x000000048f800000, 0x000000048f800000| Untracked 
|  32|0x0000000490000000, 0x0000000490000000, 0x0000000490800000|  0%| F|  |TAMS 0x0000000490000000, 0x0000000490000000| Untracked 
|  33|0x0000000490800000, 0x0000000490800000, 0x0000000491000000|  0%| F|  |TAMS 0x0000000490800000, 0x0000000490800000| Untracked 
|  34|0x0000000491000000, 0x0000000491000000, 0x0000000491800000|  0%| F|  |TAMS 0x0000000491000000, 0x0000000491000000| Untracked 
|  35|0x0000000491800000, 0x0000000491800000, 0x0000000492000000|  0%| F|  |TAMS 0x0000000491800000, 0x0000000491800000| Untracked 
|  36|0x0000000492000000, 0x0000000492000000, 0x0000000492800000|  0%| F|  |TAMS 0x0000000492000000, 0x0000000492000000| Untracked 
|  37|0x0000000492800000, 0x0000000492800000, 0x0000000493000000|  0%| F|  |TAMS 0x0000000492800000, 0x0000000492800000| Untracked 
|  38|0x0000000493000000, 0x0000000493000000, 0x0000000493800000|  0%| F|  |TAMS 0x0000000493000000, 0x0000000493000000| Untracked 
|  39|0x0000000493800000, 0x0000000493800000, 0x0000000494000000|  0%| F|  |TAMS 0x0000000493800000, 0x0000000493800000| Untracked 
|  40|0x0000000494000000, 0x0000000494000000, 0x0000000494800000|  0%| F|  |TAMS 0x0000000494000000, 0x0000000494000000| Untracked 
|  41|0x0000000494800000, 0x0000000494800000, 0x0000000495000000|  0%| F|  |TAMS 0x0000000494800000, 0x0000000494800000| Untracked 
|  42|0x0000000495000000, 0x0000000495000000, 0x0000000495800000|  0%| F|  |TAMS 0x0000000495000000, 0x0000000495000000| Untracked 
|  43|0x0000000495800000, 0x0000000495800000, 0x0000000496000000|  0%| F|  |TAMS 0x0000000495800000, 0x0000000495800000| Untracked 
|  44|0x0000000496000000, 0x0000000496000000, 0x0000000496800000|  0%| F|  |TAMS 0x0000000496000000, 0x0000000496000000| Untracked 
|  45|0x0000000496800000, 0x0000000496800000, 0x0000000497000000|  0%| F|  |TAMS 0x0000000496800000, 0x0000000496800000| Untracked 
|  46|0x0000000497000000, 0x0000000497000000, 0x0000000497800000|  0%| F|  |TAMS 0x0000000497000000, 0x0000000497000000| Untracked 
|  47|0x0000000497800000, 0x0000000497800000, 0x0000000498000000|  0%| F|  |TAMS 0x0000000497800000, 0x0000000497800000| Untracked 
|  48|0x0000000498000000, 0x0000000498000000, 0x0000000498800000|  0%| F|  |TAMS 0x0000000498000000, 0x0000000498000000| Untracked 
|  49|0x0000000498800000, 0x0000000498800000, 0x0000000499000000|  0%| F|  |TAMS 0x0000000498800000, 0x0000000498800000| Untracked 
|  50|0x0000000499000000, 0x0000000499000000, 0x0000000499800000|  0%| F|  |TAMS 0x0000000499000000, 0x0000000499000000| Untracked 
|  51|0x0000000499800000, 0x0000000499800000, 0x000000049a000000|  0%| F|  |TAMS 0x0000000499800000, 0x0000000499800000| Untracked 
|  52|0x000000049a000000, 0x000000049a000000, 0x000000049a800000|  0%| F|  |TAMS 0x000000049a000000, 0x000000049a000000| Untracked 
|  53|0x000000049a800000, 0x000000049a800000, 0x000000049b000000|  0%| F|  |TAMS 0x000000049a800000, 0x000000049a800000| Untracked 
|  54|0x000000049b000000, 0x000000049b000000, 0x000000049b800000|  0%| F|  |TAMS 0x000000049b000000, 0x000000049b000000| Untracked 
|  55|0x000000049b800000, 0x000000049b800000, 0x000000049c000000|  0%| F|  |TAMS 0x000000049b800000, 0x000000049b800000| Untracked 
|  56|0x000000049c000000, 0x000000049c000000, 0x000000049c800000|  0%| F|  |TAMS 0x000000049c000000, 0x000000049c000000| Untracked 
|  57|0x000000049c800000, 0x000000049c800000, 0x000000049d000000|  0%| F|  |TAMS 0x000000049c800000, 0x000000049c800000| Untracked 
|  58|0x000000049d000000, 0x000000049d000000, 0x000000049d800000|  0%| F|  |TAMS 0x000000049d000000, 0x000000049d000000| Untracked 
|  59|0x000000049d800000, 0x000000049d800000, 0x000000049e000000|  0%| F|  |TAMS 0x000000049d800000, 0x000000049d800000| Untracked 
|  60|0x000000049e000000, 0x000000049e000000, 0x000000049e800000|  0%| F|  |TAMS 0x000000049e000000, 0x000000049e000000| Untracked 
|  61|0x000000049e800000, 0x000000049e800000, 0x000000049f000000|  0%| F|  |TAMS 0x000000049e800000, 0x000000049e800000| Untracked 
|  62|0x000000049f000000, 0x000000049f000000, 0x000000049f800000|  0%| F|  |TAMS 0x000000049f000000, 0x000000049f000000| Untracked 
|  63|0x000000049f800000, 0x000000049f800000, 0x00000004a0000000|  0%| F|  |TAMS 0x000000049f800000, 0x000000049f800000| Untracked 
|  64|0x00000004a0000000, 0x00000004a0000000, 0x00000004a0800000|  0%| F|  |TAMS 0x00000004a0000000, 0x00000004a0000000| Untracked 
|  65|0x00000004a0800000, 0x00000004a0800000, 0x00000004a1000000|  0%| F|  |TAMS 0x00000004a0800000, 0x00000004a0800000| Untracked 
|  66|0x00000004a1000000, 0x00000004a1000000, 0x00000004a1800000|  0%| F|  |TAMS 0x00000004a1000000, 0x00000004a1000000| Untracked 
|  67|0x00000004a1800000, 0x00000004a1800000, 0x00000004a2000000|  0%| F|  |TAMS 0x00000004a1800000, 0x00000004a1800000| Untracked 
|  68|0x00000004a2000000, 0x00000004a2000000, 0x00000004a2800000|  0%| F|  |TAMS 0x00000004a2000000, 0x00000004a2000000| Untracked 
|  69|0x00000004a2800000, 0x00000004a2800000, 0x00000004a3000000|  0%| F|  |TAMS 0x00000004a2800000, 0x00000004a2800000| Untracked 
|  70|0x00000004a3000000, 0x00000004a3000000, 0x00000004a3800000|  0%| F|  |TAMS 0x00000004a3000000, 0x00000004a3000000| Untracked 
|  71|0x00000004a3800000, 0x00000004a3800000, 0x00000004a4000000|  0%| F|  |TAMS 0x00000004a3800000, 0x00000004a3800000| Untracked 
|  72|0x00000004a4000000, 0x00000004a4000000, 0x00000004a4800000|  0%| F|  |TAMS 0x00000004a4000000, 0x00000004a4000000| Untracked 
|  73|0x00000004a4800000, 0x00000004a4800000, 0x00000004a5000000|  0%| F|  |TAMS 0x00000004a4800000, 0x00000004a4800000| Untracked 
|  74|0x00000004a5000000, 0x00000004a5000000, 0x00000004a5800000|  0%| F|  |TAMS 0x00000004a5000000, 0x00000004a5000000| Untracked 
|  75|0x00000004a5800000, 0x00000004a5800000, 0x00000004a6000000|  0%| F|  |TAMS 0x00000004a5800000, 0x00000004a5800000| Untracked 
|  76|0x00000004a6000000, 0x00000004a6000000, 0x00000004a6800000|  0%| F|  |TAMS 0x00000004a6000000, 0x00000004a6000000| Untracked 
|  77|0x00000004a6800000, 0x00000004a6800000, 0x00000004a7000000|  0%| F|  |TAMS 0x00000004a6800000, 0x00000004a6800000| Untracked 
|  78|0x00000004a7000000, 0x00000004a7000000, 0x00000004a7800000|  0%| F|  |TAMS 0x00000004a7000000, 0x00000004a7000000| Untracked 
|  79|0x00000004a7800000, 0x00000004a7800000, 0x00000004a8000000|  0%| F|  |TAMS 0x00000004a7800000, 0x00000004a7800000| Untracked 
|  80|0x00000004a8000000, 0x00000004a8000000, 0x00000004a8800000|  0%| F|  |TAMS 0x00000004a8000000, 0x00000004a8000000| Untracked 
|  81|0x00000004a8800000, 0x00000004a8800000, 0x00000004a9000000|  0%| F|  |TAMS 0x00000004a8800000, 0x00000004a8800000| Untracked 
|  82|0x00000004a9000000, 0x00000004a9000000, 0x00000004a9800000|  0%| F|  |TAMS 0x00000004a9000000, 0x00000004a9000000| Untracked 
|  83|0x00000004a9800000, 0x00000004a9800000, 0x00000004aa000000|  0%| F|  |TAMS 0x00000004a9800000, 0x00000004a9800000| Untracked 
|  84|0x00000004aa000000, 0x00000004aa000000, 0x00000004aa800000|  0%| F|  |TAMS 0x00000004aa000000, 0x00000004aa000000| Untracked 
|  85|0x00000004aa800000, 0x00000004aa800000, 0x00000004ab000000|  0%| F|  |TAMS 0x00000004aa800000, 0x00000004aa800000| Untracked 
|  86|0x00000004ab000000, 0x00000004ab000000, 0x00000004ab800000|  0%| F|  |TAMS 0x00000004ab000000, 0x00000004ab000000| Untracked 
|  87|0x00000004ab800000, 0x00000004ab800000, 0x00000004ac000000|  0%| F|  |TAMS 0x00000004ab800000, 0x00000004ab800000| Untracked 
|  88|0x00000004ac000000, 0x00000004ac000000, 0x00000004ac800000|  0%| F|  |TAMS 0x00000004ac000000, 0x00000004ac000000| Untracked 
|  89|0x00000004ac800000, 0x00000004ac800000, 0x00000004ad000000|  0%| F|  |TAMS 0x00000004ac800000, 0x00000004ac800000| Untracked 
|  90|0x00000004ad000000, 0x00000004ad000000, 0x00000004ad800000|  0%| F|  |TAMS 0x00000004ad000000, 0x00000004ad000000| Untracked 
|  91|0x00000004ad800000, 0x00000004ad800000, 0x00000004ae000000|  0%| F|  |TAMS 0x00000004ad800000, 0x00000004ad800000| Untracked 
|  92|0x00000004ae000000, 0x00000004ae000000, 0x00000004ae800000|  0%| F|  |TAMS 0x00000004ae000000, 0x00000004ae000000| Untracked 
|  93|0x00000004ae800000, 0x00000004ae800000, 0x00000004af000000|  0%| F|  |TAMS 0x00000004ae800000, 0x00000004ae800000| Untracked 
|  94|0x00000004af000000, 0x00000004af000000, 0x00000004af800000|  0%| F|  |TAMS 0x00000004af000000, 0x00000004af000000| Untracked 
|  95|0x00000004af800000, 0x00000004af800000, 0x00000004b0000000|  0%| F|  |TAMS 0x00000004af800000, 0x00000004af800000| Untracked 
|  96|0x00000004b0000000, 0x00000004b0000000, 0x00000004b0800000|  0%| F|  |TAMS 0x00000004b0000000, 0x00000004b0000000| Untracked 
|  97|0x00000004b0800000, 0x00000004b0800000, 0x00000004b1000000|  0%| F|  |TAMS 0x00000004b0800000, 0x00000004b0800000| Untracked 
|  98|0x00000004b1000000, 0x00000004b1000000, 0x00000004b1800000|  0%| F|  |TAMS 0x00000004b1000000, 0x00000004b1000000| Untracked 
|  99|0x00000004b1800000, 0x00000004b1800000, 0x00000004b2000000|  0%| F|  |TAMS 0x00000004b1800000, 0x00000004b1800000| Untracked 
| 100|0x00000004b2000000, 0x00000004b2000000, 0x00000004b2800000|  0%| F|  |TAMS 0x00000004b2000000, 0x00000004b2000000| Untracked 
| 101|0x00000004b2800000, 0x00000004b2800000, 0x00000004b3000000|  0%| F|  |TAMS 0x00000004b2800000, 0x00000004b2800000| Untracked 
| 102|0x00000004b3000000, 0x00000004b3000000, 0x00000004b3800000|  0%| F|  |TAMS 0x00000004b3000000, 0x00000004b3000000| Untracked 
| 103|0x00000004b3800000, 0x00000004b3800000, 0x00000004b4000000|  0%| F|  |TAMS 0x00000004b3800000, 0x00000004b3800000| Untracked 
| 104|0x00000004b4000000, 0x00000004b4000000, 0x00000004b4800000|  0%| F|  |TAMS 0x00000004b4000000, 0x00000004b4000000| Untracked 
| 105|0x00000004b4800000, 0x00000004b4800000, 0x00000004b5000000|  0%| F|  |TAMS 0x00000004b4800000, 0x00000004b4800000| Untracked 
| 106|0x00000004b5000000, 0x00000004b5000000, 0x00000004b5800000|  0%| F|  |TAMS 0x00000004b5000000, 0x00000004b5000000| Untracked 
| 107|0x00000004b5800000, 0x00000004b5800000, 0x00000004b6000000|  0%| F|  |TAMS 0x00000004b5800000, 0x00000004b5800000| Untracked 
| 108|0x00000004b6000000, 0x00000004b6000000, 0x00000004b6800000|  0%| F|  |TAMS 0x00000004b6000000, 0x00000004b6000000| Untracked 
| 109|0x00000004b6800000, 0x00000004b6800000, 0x00000004b7000000|  0%| F|  |TAMS 0x00000004b6800000, 0x00000004b6800000| Untracked 
| 110|0x00000004b7000000, 0x00000004b7000000, 0x00000004b7800000|  0%| F|  |TAMS 0x00000004b7000000, 0x00000004b7000000| Untracked 
| 111|0x00000004b7800000, 0x00000004b7800000, 0x00000004b8000000|  0%| F|  |TAMS 0x00000004b7800000, 0x00000004b7800000| Untracked 
| 112|0x00000004b8000000, 0x00000004b8000000, 0x00000004b8800000|  0%| F|  |TAMS 0x00000004b8000000, 0x00000004b8000000| Untracked 
| 113|0x00000004b8800000, 0x00000004b8800000, 0x00000004b9000000|  0%| F|  |TAMS 0x00000004b8800000, 0x00000004b8800000| Untracked 
| 114|0x00000004b9000000, 0x00000004b9000000, 0x00000004b9800000|  0%| F|  |TAMS 0x00000004b9000000, 0x00000004b9000000| Untracked 
| 115|0x00000004b9800000, 0x00000004b9800000, 0x00000004ba000000|  0%| F|  |TAMS 0x00000004b9800000, 0x00000004b9800000| Untracked 
| 116|0x00000004ba000000, 0x00000004ba000000, 0x00000004ba800000|  0%| F|  |TAMS 0x00000004ba000000, 0x00000004ba000000| Untracked 
| 117|0x00000004ba800000, 0x00000004ba800000, 0x00000004bb000000|  0%| F|  |TAMS 0x00000004ba800000, 0x00000004ba800000| Untracked 
| 118|0x00000004bb000000, 0x00000004bb000000, 0x00000004bb800000|  0%| F|  |TAMS 0x00000004bb000000, 0x00000004bb000000| Untracked 
| 119|0x00000004bb800000, 0x00000004bb800000, 0x00000004bc000000|  0%| F|  |TAMS 0x00000004bb800000, 0x00000004bb800000| Untracked 
| 120|0x00000004bc000000, 0x00000004bc000000, 0x00000004bc800000|  0%| F|  |TAMS 0x00000004bc000000, 0x00000004bc000000| Untracked 
| 121|0x00000004bc800000, 0x00000004bd000000, 0x00000004bd000000|100%| S|CS|TAMS 0x00000004bc800000, 0x00000004bc800000| Complete 
| 122|0x00000004bd000000, 0x00000004bd000000, 0x00000004bd800000|  0%| F|  |TAMS 0x00000004bd000000, 0x00000004bd000000| Untracked 
| 123|0x00000004bd800000, 0x00000004bd800000, 0x00000004be000000|  0%| F|  |TAMS 0x00000004bd800000, 0x00000004bd800000| Untracked 
| 124|0x00000004be000000, 0x00000004be000000, 0x00000004be800000|  0%| F|  |TAMS 0x00000004be000000, 0x00000004be000000| Untracked 
| 125|0x00000004be800000, 0x00000004be800000, 0x00000004bf000000|  0%| F|  |TAMS 0x00000004be800000, 0x00000004be800000| Untracked 
| 126|0x00000004bf000000, 0x00000004bf000000, 0x00000004bf800000|  0%| F|  |TAMS 0x00000004bf000000, 0x00000004bf000000| Untracked 
| 127|0x00000004bf800000, 0x00000004bf800000, 0x00000004c0000000|  0%| F|  |TAMS 0x00000004bf800000, 0x00000004bf800000| Untracked 

Card table byte_map: [0x000001a1f4d90000,0x000001a1f6990000] _byte_map_base: 0x000001a1f2990000

Marking Bits (Prev, Next): (CMBitMap*) 0x000001a1ed967670, (CMBitMap*) 0x000001a1ed9676b0
 Prev Bits: [0x000001a18f000000, 0x000001a19d000000)
 Next Bits: [0x000001a19d000000, 0x000001a1ab000000)

Polling page: 0x000001a1ed770000

Metaspace:

Usage:
  Non-class:      3.47 MB used.
      Class:    313.73 KB used.
       Both:      3.78 MB used.

Virtual space:
  Non-class space:        8.00 MB reserved,       3.50 MB ( 44%) committed,  1 nodes.
      Class space:        1.00 GB reserved,     384.00 KB ( <1%) committed,  1 nodes.
             Both:        1.01 GB reserved,       3.88 MB ( <1%) committed. 

Chunk freelists:
   Non-Class:  3.96 MB
       Class:  3.62 MB
        Both:  7.58 MB

MaxMetaspaceSize: unlimited
CompressedClassSpaceSize: 1.00 GB
Initial GC threshold: 21.00 MB
Current GC threshold: 21.00 MB
CDS: off
MetaspaceReclaimPolicy: balanced
 - commit_granule_bytes: 65536.
 - commit_granule_words: 8192.
 - virtual_space_node_default_size: 1048576.
 - enlarge_chunks_in_place: 1.
 - new_chunks_are_fully_committed: 0.
 - uncommit_free_chunks: 1.
 - use_allocation_guard: 0.
 - handle_deallocations: 1.


Internal statistics:

num_allocs_failed_limit: 0.
num_arena_births: 4.
num_arena_deaths: 0.
num_vsnodes_births: 2.
num_vsnodes_deaths: 0.
num_space_committed: 62.
num_space_uncommitted: 0.
num_chunks_returned_to_freelist: 0.
num_chunks_taken_from_freelist: 11.
num_chunk_merges: 0.
num_chunk_splits: 5.
num_chunks_enlarged: 4.
num_purges: 0.
num_inconsistent_stats: 0.

CodeHeap 'non-profiled nmethods': size=120000Kb used=82Kb max_used=82Kb free=119917Kb
 bounds [0x000001a187ad0000, 0x000001a187d40000, 0x000001a18f000000]
CodeHeap 'profiled nmethods': size=120000Kb used=163Kb max_used=163Kb free=119836Kb
 bounds [0x000001a1805a0000, 0x000001a180810000, 0x000001a187ad0000]
CodeHeap 'non-nmethods': size=5760Kb used=1050Kb max_used=1078Kb free=4709Kb
 bounds [0x000001a180000000, 0x000001a180270000, 0x000001a1805a0000]
 total_blobs=424 nmethods=130 adapters=207
 compilation: enabled
              stopped_count=0, restarted_count=0
 full_count=0

Compilation events (20 events):
Event: 0.097 Thread 0x000001a1fb245520  129       4       java.lang.Integer::valueOf (32 bytes)
Event: 0.098 Thread 0x000001a1fb245520 nmethod 129 0x000001a187adc710 code [0x000001a187adc8a0, 0x000001a187adc9b8]
Event: 0.098 Thread 0x000001a1fb245520  111       4       java.lang.AbstractStringBuilder::<init> (39 bytes)
Event: 0.098 Thread 0x000001a1fb245e20 nmethod 128 0x000001a1805c6410 code [0x000001a1805c6820, 0x000001a1805c82d8]
Event: 0.099 Thread 0x000001a1fb245520 nmethod 111 0x000001a187adca90 code [0x000001a187adcc20, 0x000001a187adce78]
Event: 0.099 Thread 0x000001a1fb245520  110       4       java.lang.StringBuilder::<init> (7 bytes)
Event: 0.099 Thread 0x000001a1fb3bf240 nmethod 80 0x000001a187adcf10 code [0x000001a187add0a0, 0x000001a187add538]
Event: 0.099 Thread 0x000001a1fb3bf240  114       4       java.lang.StringBuilder::toString (35 bytes)
Event: 0.100 Thread 0x000001a1fb245520 nmethod 110 0x000001a187add710 code [0x000001a187add8a0, 0x000001a187adda78]
Event: 0.100 Thread 0x000001a1fb245520  112       4       java.lang.StringBuilder::append (8 bytes)
Event: 0.101 Thread 0x000001a1fb3bf240 nmethod 114 0x000001a187addb10 code [0x000001a187addca0, 0x000001a187ade138]
Event: 0.101 Thread 0x000001a1fb3bf240  113       4       java.lang.AbstractStringBuilder::append (55 bytes)
Event: 0.105 Thread 0x000001a1fb245520 nmethod 112 0x000001a187ade390 code [0x000001a187ade540, 0x000001a187adecd8]
Event: 0.105 Thread 0x000001a1fb245520  130 %     4       MinimalSplit::testInput @ 59 (161 bytes)
Event: 0.107 Thread 0x000001a1fb3bf240 nmethod 113 0x000001a187adf110 code [0x000001a187adf2c0, 0x000001a187adfa38]
Event: 0.107 Thread 0x000001a1fb3bf240  122       4       Grafoi::increaseDegreeOfVertex (29 bytes)
Event: 0.113 Thread 0x000001a1fb3bf240 nmethod 122 0x000001a187adfe10 code [0x000001a187adffe0, 0x000001a187ae07e8]
Event: 0.113 Thread 0x000001a1fb3bf240  123       4       StdRandom::bernoulli (48 bytes)
Event: 0.114 Thread 0x000001a1fb3bf240 nmethod 123 0x000001a187ae0e10 code [0x000001a187ae0fc0, 0x000001a187ae11b8]
Event: 0.150 Thread 0x000001a1fb245520 nmethod 130% 0x000001a187ae1390 code [0x000001a187ae1660, 0x000001a187ae38a8]

GC Heap History (9 events):
Event: 0.132 GC heap before
{Heap before GC invocations=0 (full 0):
 garbage-first heap   total 1048576K, used 49152K [0x0000000480000000, 0x0000000800000000)
  region size 8192K, 6 young (49152K), 0 survivors (0K)
 Metaspace       used 3870K, committed 3968K, reserved 1056768K
  class space    used 313K, committed 384K, reserved 1048576K
}
Event: 0.149 GC heap after
{Heap after GC invocations=1 (full 0):
 garbage-first heap   total 1048576K, used 22824K [0x0000000480000000, 0x0000000800000000)
  region size 8192K, 1 young (8192K), 1 survivors (8192K)
 Metaspace       used 3870K, committed 3968K, reserved 1056768K
  class space    used 313K, committed 384K, reserved 1048576K
}
Event: 0.179 GC heap before
{Heap before GC invocations=1 (full 0):
 garbage-first heap   total 1048576K, used 63784K [0x0000000480000000, 0x0000000800000000)
  region size 8192K, 6 young (49152K), 1 survivors (8192K)
 Metaspace       used 3870K, committed 3968K, reserved 1056768K
  class space    used 313K, committed 384K, reserved 1048576K
}
Event: 0.194 GC heap after
{Heap after GC invocations=2 (full 0):
 garbage-first heap   total 1048576K, used 57344K [0x0000000480000000, 0x0000000800000000)
  region size 8192K, 1 young (8192K), 1 survivors (8192K)
 Metaspace       used 3870K, committed 3968K, reserved 1056768K
  class space    used 313K, committed 384K, reserved 1048576K
}
Event: 0.225 GC heap before
{Heap before GC invocations=2 (full 0):
 garbage-first heap   total 1048576K, used 98304K [0x0000000480000000, 0x0000000800000000)
  region size 8192K, 6 young (49152K), 1 survivors (8192K)
 Metaspace       used 3870K, committed 3968K, reserved 1056768K
  class space    used 313K, committed 384K, reserved 1048576K
}
Event: 0.248 GC heap after
{Heap after GC invocations=3 (full 0):
 garbage-first heap   total 1048576K, used 94435K [0x0000000480000000, 0x0000000800000000)
  region size 8192K, 1 young (8192K), 1 survivors (8192K)
 Metaspace       used 3870K, committed 3968K, reserved 1056768K
  class space    used 313K, committed 384K, reserved 1048576K
}
Event: 0.286 GC heap before
{Heap before GC invocations=3 (full 0):
 garbage-first heap   total 1048576K, used 143587K [0x0000000480000000, 0x0000000800000000)
  region size 8192K, 6 young (49152K), 1 survivors (8192K)
 Metaspace       used 3870K, committed 3968K, reserved 1056768K
  class space    used 313K, committed 384K, reserved 1048576K
}
Event: 0.304 GC heap after
{Heap after GC invocations=4 (full 0):
 garbage-first heap   total 1048576K, used 136872K [0x0000000480000000, 0x0000000800000000)
  region size 8192K, 1 young (8192K), 1 survivors (8192K)
 Metaspace       used 3870K, committed 3968K, reserved 1056768K
  class space    used 313K, committed 384K, reserved 1048576K
}
Event: 0.345 GC heap before
{Heap before GC invocations=4 (full 0):
 garbage-first heap   total 1048576K, used 186024K [0x0000000480000000, 0x0000000800000000)
  region size 8192K, 6 young (49152K), 1 survivors (8192K)
 Metaspace       used 3870K, committed 3968K, reserved 1056768K
  class space    used 313K, committed 384K, reserved 1048576K
}

Deoptimization events (10 events):
Event: 0.076 Thread 0x000001a1ed8becb0 Uncommon trap: trap_request=0xffffff3d fr.pc=0x000001a187ad4058 relative=0x0000000000000058
Event: 0.076 Thread 0x000001a1ed8becb0 Uncommon trap: reason=unstable_fused_if action=reinterpret pc=0x000001a187ad4058 method=java.lang.Integer.valueOf(I)Ljava/lang/Integer; @ 3 c2
Event: 0.076 Thread 0x000001a1ed8becb0 DEOPT PACKING pc=0x000001a187ad4058 sp=0x00000043b7eff3a0
Event: 0.076 Thread 0x000001a1ed8becb0 DEOPT UNPACKING pc=0x000001a180055c23 sp=0x00000043b7eff338 mode 2
Event: 0.079 Thread 0x000001a1ed8becb0 Uncommon trap: trap_request=0xffffff45 fr.pc=0x000001a187ad5af0 relative=0x00000000000005b0
Event: 0.079 Thread 0x000001a1ed8becb0 Uncommon trap: reason=unstable_if action=reinterpret pc=0x000001a187ad5af0 method=java.util.HashMap.putVal(ILjava/lang/Object;Ljava/lang/Object;ZZ)Ljava/lang/Object; @ 69 c2
Event: 0.079 Thread 0x000001a1ed8becb0 DEOPT PACKING pc=0x000001a187ad5af0 sp=0x00000043b7eff280
Event: 0.080 Thread 0x000001a1ed8becb0 DEOPT UNPACKING pc=0x000001a180055c23 sp=0x00000043b7eff210 mode 2
Event: 0.150 Thread 0x000001a1ed8becb0 DEOPT PACKING pc=0x000001a1805c54d5 sp=0x00000043b7eff3d0
Event: 0.150 Thread 0x000001a1ed8becb0 DEOPT UNPACKING pc=0x000001a180056763 sp=0x00000043b7efe910 mode 0

Classes unloaded (0 events):
No events

Classes redefined (0 events):
No events

Internal exceptions (0 events):
No events

VM Operations (9 events):
Event: 0.132 Executing VM operation: G1CollectForAllocation
Event: 0.149 Executing VM operation: G1CollectForAllocation done
Event: 0.179 Executing VM operation: G1CollectForAllocation
Event: 0.194 Executing VM operation: G1CollectForAllocation done
Event: 0.225 Executing VM operation: G1CollectForAllocation
Event: 0.248 Executing VM operation: G1CollectForAllocation done
Event: 0.286 Executing VM operation: G1CollectForAllocation
Event: 0.304 Executing VM operation: G1CollectForAllocation done
Event: 0.345 Executing VM operation: G1CollectForAllocation

Events (20 events):
Event: 0.069 loading class java/lang/Readable
Event: 0.069 loading class java/lang/Readable done
Event: 0.069 loading class java/io/Reader done
Event: 0.069 loading class java/io/FileReader
Event: 0.069 loading class java/io/InputStreamReader
Event: 0.069 loading class java/io/InputStreamReader done
Event: 0.069 loading class java/io/FileReader done
Event: 0.070 loading class java/util/concurrent/ConcurrentHashMap$ForwardingNode
Event: 0.070 loading class java/util/concurrent/ConcurrentHashMap$ForwardingNode done
Event: 0.073 loading class java/util/ArrayList$Itr
Event: 0.073 loading class java/util/ArrayList$Itr done
Event: 0.073 Thread 0x000001a1fb3bf240 Thread added: 0x000001a1fb3bf240
Event: 0.075 loading class java/lang/AssertionError
Event: 0.075 loading class java/lang/AssertionError done
Event: 0.075 loading class java/util/Random
Event: 0.075 loading class java/util/random/RandomGenerator
Event: 0.075 loading class java/util/random/RandomGenerator done
Event: 0.075 loading class java/util/Random done
Event: 0.075 loading class java/util/concurrent/atomic/AtomicLong
Event: 0.076 loading class java/util/concurrent/atomic/AtomicLong done


Dynamic libraries:
0x00007ff610a90000 - 0x00007ff610a9e000 	C:\Users\Chris\.p2\pool\plugins\org.eclipse.justj.openjdk.hotspot.jre.full.win32.x86_64_17.0.2.v20220201-1208\jre\bin\javaw.exe
0x00007fff22930000 - 0x00007fff22b25000 	C:\Windows\SYSTEM32\ntdll.dll
0x00007fff213e0000 - 0x00007fff2149e000 	C:\Windows\System32\KERNEL32.DLL
0x00007fff202d0000 - 0x00007fff20598000 	C:\Windows\System32\KERNELBASE.dll
0x00007fff20750000 - 0x00007fff20850000 	C:\Windows\System32\ucrtbase.dll
0x00007fff0c5a0000 - 0x00007fff0c5b8000 	C:\Users\Chris\.p2\pool\plugins\org.eclipse.justj.openjdk.hotspot.jre.full.win32.x86_64_17.0.2.v20220201-1208\jre\bin\jli.dll
0x00007fff0c580000 - 0x00007fff0c599000 	C:\Users\Chris\.p2\pool\plugins\org.eclipse.justj.openjdk.hotspot.jre.full.win32.x86_64_17.0.2.v20220201-1208\jre\bin\VCRUNTIME140.dll
0x00007fff21210000 - 0x00007fff213b0000 	C:\Windows\System32\USER32.dll
0x00007fff200a0000 - 0x00007fff200c2000 	C:\Windows\System32\win32u.dll
0x00007fff213b0000 - 0x00007fff213db000 	C:\Windows\System32\GDI32.dll
0x00007ffef4ae0000 - 0x00007ffef4d7a000 	C:\Windows\WinSxS\amd64_microsoft.windows.common-controls_6595b64144ccf1df_6.0.19041.1110_none_60b5254171f9507e\COMCTL32.dll
0x00007fff205a0000 - 0x00007fff206ab000 	C:\Windows\System32\gdi32full.dll
0x00007fff20990000 - 0x00007fff20a2e000 	C:\Windows\System32\msvcrt.dll
0x00007fff206b0000 - 0x00007fff2074d000 	C:\Windows\System32\msvcp_win.dll
0x00007fff22390000 - 0x00007fff223c0000 	C:\Windows\System32\IMM32.DLL
0x00007fff0fcc0000 - 0x00007fff0fccc000 	C:\Users\Chris\.p2\pool\plugins\org.eclipse.justj.openjdk.hotspot.jre.full.win32.x86_64_17.0.2.v20220201-1208\jre\bin\vcruntime140_1.dll
0x00007fff0c230000 - 0x00007fff0c2c1000 	C:\Users\Chris\.p2\pool\plugins\org.eclipse.justj.openjdk.hotspot.jre.full.win32.x86_64_17.0.2.v20220201-1208\jre\bin\msvcp140.dll
0x00007ffeb63a0000 - 0x00007ffeb6fe7000 	C:\Users\Chris\.p2\pool\plugins\org.eclipse.justj.openjdk.hotspot.jre.full.win32.x86_64_17.0.2.v20220201-1208\jre\bin\server\jvm.dll
0x00007fff20d40000 - 0x00007fff20dee000 	C:\Windows\System32\ADVAPI32.dll
0x00007fff20a40000 - 0x00007fff20adc000 	C:\Windows\System32\sechost.dll
0x00007fff20f30000 - 0x00007fff21055000 	C:\Windows\System32\RPCRT4.dll
0x00007fff20a30000 - 0x00007fff20a38000 	C:\Windows\System32\PSAPI.DLL
0x00007ffef4d80000 - 0x00007ffef4da7000 	C:\Windows\SYSTEM32\WINMM.dll
0x00007fff123d0000 - 0x00007fff123da000 	C:\Windows\SYSTEM32\VERSION.dll
0x00007fff1b900000 - 0x00007fff1b909000 	C:\Windows\SYSTEM32\WSOCK32.dll
0x00007fff20df0000 - 0x00007fff20e5b000 	C:\Windows\System32\WS2_32.dll
0x00007fff1e8f0000 - 0x00007fff1e902000 	C:\Windows\SYSTEM32\kernel.appcore.dll
0x00007fff197a0000 - 0x00007fff197aa000 	C:\Users\Chris\.p2\pool\plugins\org.eclipse.justj.openjdk.hotspot.jre.full.win32.x86_64_17.0.2.v20220201-1208\jre\bin\jimage.dll
0x00007fff1e4f0000 - 0x00007fff1e6d4000 	C:\Windows\SYSTEM32\DBGHELP.DLL
0x00007fff0cde0000 - 0x00007fff0ce0c000 	C:\Windows\SYSTEM32\dbgcore.DLL
0x00007fff20850000 - 0x00007fff208d2000 	C:\Windows\System32\bcryptPrimitives.dll
0x00007fff181b0000 - 0x00007fff181d5000 	C:\Users\Chris\.p2\pool\plugins\org.eclipse.justj.openjdk.hotspot.jre.full.win32.x86_64_17.0.2.v20220201-1208\jre\bin\java.dll
0x00007fff0e420000 - 0x00007fff0e438000 	C:\Users\Chris\.p2\pool\plugins\org.eclipse.justj.openjdk.hotspot.jre.full.win32.x86_64_17.0.2.v20220201-1208\jre\bin\zip.dll
0x00007fff21550000 - 0x00007fff21c94000 	C:\Windows\System32\SHELL32.dll
0x00007fff1dd50000 - 0x00007fff1e4e4000 	C:\Windows\SYSTEM32\windows.storage.dll
0x00007fff223e0000 - 0x00007fff22734000 	C:\Windows\System32\combase.dll
0x00007fff1fab0000 - 0x00007fff1fadc000 	C:\Windows\SYSTEM32\Wldp.dll
0x00007fff222d0000 - 0x00007fff2237d000 	C:\Windows\System32\SHCORE.dll
0x00007fff20c20000 - 0x00007fff20c75000 	C:\Windows\System32\shlwapi.dll
0x00007fff1ff90000 - 0x00007fff1ffaf000 	C:\Windows\SYSTEM32\profapi.dll

dbghelp: loaded successfully - version: 4.0.5 - missing functions: none
symbol engine: initialized successfully - sym options: 0x614 - pdb path: .;C:\Users\Chris\.p2\pool\plugins\org.eclipse.justj.openjdk.hotspot.jre.full.win32.x86_64_17.0.2.v20220201-1208\jre\bin;C:\Windows\SYSTEM32;C:\Windows\WinSxS\amd64_microsoft.windows.common-controls_6595b64144ccf1df_6.0.19041.1110_none_60b5254171f9507e;C:\Users\Chris\.p2\pool\plugins\org.eclipse.justj.openjdk.hotspot.jre.full.win32.x86_64_17.0.2.v20220201-1208\jre\bin\server

VM Arguments:
jvm_args: -Xmx14336m -Xms1024m -Dfile.encoding=Cp1252 -XX:+ShowCodeDetailsInExceptionMessages 
java_command: ptyxio
java_class_path (initial): C:\Users\Chris\eclipse-workspace\Ptyxiaki\bin;C:\Users\Chris\.p2\pool\plugins\org.junit.jupiter.api_5.8.1.v20211018-1956.jar;C:\Users\Chris\.p2\pool\plugins\org.junit.jupiter.engine_5.8.1.v20211018-1956.jar;C:\Users\Chris\.p2\pool\plugins\org.junit.jupiter.migrationsupport_5.8.1.v20211018-1956.jar;C:\Users\Chris\.p2\pool\plugins\org.junit.jupiter.params_5.8.1.v20211018-1956.jar;C:\Users\Chris\.p2\pool\plugins\org.junit.platform.commons_1.8.1.v20211018-1956.jar;C:\Users\Chris\.p2\pool\plugins\org.junit.platform.engine_1.8.1.v20211018-1956.jar;C:\Users\Chris\.p2\pool\plugins\org.junit.platform.launcher_1.8.1.v20211018-1956.jar;C:\Users\Chris\.p2\pool\plugins\org.junit.platform.runner_1.8.1.v20211018-1956.jar;C:\Users\Chris\.p2\pool\plugins\org.junit.platform.suite.api_1.8.1.v20211018-1956.jar;C:\Users\Chris\.p2\pool\plugins\org.junit.platform.suite.engine_1.8.1.v20211028-1957.jar;C:\Users\Chris\.p2\pool\plugins\org.junit.platform.suite.commons_1.8.1.v20211018-1956.jar;C:\Users\Chris\.p2\pool\plugins\org.junit.vintage.engine_5.8.1.v20211018-1956.jar;C:\Users\Chris\.p2\pool\plugins\org.opentest4j_1.2.0.v20211018-1956.jar;C:\Users\Chris\.p2\pool\plugins\org.apiguardian_1.1.2.v20211018-1956.jar;C:\Users\Chris\.p2\pool\plugins\org.junit_4.13.2.v20211018-1956.jar;C:\Users\Chris\.p2\pool\plugins\org.hamcrest.core_1.3.0.v20180420-1519.jar
Launcher Type: SUN_STANDARD

[Global flags]
     intx CICompilerCount                          = 4                                         {product} {ergonomic}
     uint ConcGCThreads                            = 2                                         {product} {ergonomic}
     uint G1ConcRefinementThreads                  = 8                                         {product} {ergonomic}
   size_t G1HeapRegionSize                         = 8388608                                   {product} {ergonomic}
    uintx GCDrainStackTargetSize                   = 64                                        {product} {ergonomic}
   size_t InitialHeapSize                          = 1073741824                                {product} {command line}
   size_t MarkStackSize                            = 4194304                                   {product} {ergonomic}
   size_t MaxHeapSize                              = 15032385536                               {product} {command line}
   size_t MaxNewSize                               = 9017753600                                {product} {ergonomic}
   size_t MinHeapDeltaBytes                        = 8388608                                   {product} {ergonomic}
   size_t MinHeapSize                              = 1073741824                                {product} {command line}
    uintx NonNMethodCodeHeapSize                   = 5839372                                {pd product} {ergonomic}
    uintx NonProfiledCodeHeapSize                  = 122909434                              {pd product} {ergonomic}
    uintx ProfiledCodeHeapSize                     = 122909434                              {pd product} {ergonomic}
    uintx ReservedCodeCacheSize                    = 251658240                              {pd product} {ergonomic}
     bool SegmentedCodeCache                       = true                                      {product} {ergonomic}
     bool ShowCodeDetailsInExceptionMessages       = true                                   {manageable} {command line}
   size_t SoftMaxHeapSize                          = 15032385536                            {manageable} {ergonomic}
     bool UseCompressedClassPointers               = true                           {product lp64_product} {ergonomic}
     bool UseCompressedOops                        = true                           {product lp64_product} {ergonomic}
     bool UseG1GC                                  = true                                      {product} {ergonomic}
     bool UseLargePagesIndividualAllocation        = false                                  {pd product} {ergonomic}

Logging:
Log output configuration:
 #0: stdout all=warning uptime,level,tags
 #1: stderr all=off uptime,level,tags

Environment Variables:
PATH=C:/Users/Chris/.p2/pool/plugins/org.eclipse.justj.openjdk.hotspot.jre.full.win32.x86_64_17.0.2.v20220201-1208/jre/bin/server;C:/Users/Chris/.p2/pool/plugins/org.eclipse.justj.openjdk.hotspot.jre.full.win32.x86_64_17.0.2.v20220201-1208/jre/bin;C:\Program Files (x86)\Common Files\Oracle\Java\javapath;C:\Windows\system32;C:\Windows;C:\Windows\System32\Wbem;C:\Windows\System32\WindowsPowerShell\v1.0\;C:\Windows\System32\OpenSSH\;C:\Program Files (x86)\NVIDIA Corporation\PhysX\Common;C:\Users\Visitor\AppData\Local\Programs\Python\Python38\Scripts;C:\Users\Visitor\AppData\Local\Programs\Python\Python38;C:\Program Files\Git\cmd;C:\Users\anast\maven\apache-maven-3.8.3-bin\apache-maven-3.8.3\bin;C:\Users\Chris\AppData\Local\Microsoft\WindowsApps;;C:\Users\Chris\Desktop;
USERNAME=Chris
OS=Windows_NT
PROCESSOR_IDENTIFIER=Intel64 Family 6 Model 140 Stepping 1, GenuineIntel



---------------  S Y S T E M  ---------------

OS:
 Windows 10 , 64 bit Build 19041 (10.0.19041.1566)
OS uptime: 1 days 22:29 hours

CPU: total 8 (initial active 8) (4 cores per cpu, 2 threads per core) family 6 model 140 stepping 1 microcode 0x60, cx8, cmov, fxsr, ht, mmx, 3dnowpref, sse, sse2, sse3, ssse3, sse4.1, sse4.2, popcnt, lzcnt, tsc, tscinvbit, avx, avx2, aes, erms, clmul, bmi1, bmi2, adx, avx512f, avx512dq, avx512cd, avx512bw, avx512vl, sha, fma, vzeroupper, avx512_vpopcntdq, avx512_vpclmulqdq, avx512_vaes, avx512_vnni, clflush, clflushopt, clwb, avx512_vbmi2, avx512_vbmi

Memory: 4k page, system-wide physical 16062M (326M free)
TotalPageFile size 38643M (AvailPageFile size 482M)
current process WorkingSet (physical memory assigned to process): 251M, peak: 251M
current process commit charge ("private bytes"): 1138M, peak: 3186M

vm_info: OpenJDK 64-Bit Server VM (17.0.2+8) for windows-amd64 JRE (17.0.2+8), built on Jan 20 2022 04:52:34 by "" with MS VC++ 16.7 (VS2019)

END.
