#
# There is insufficient memory for the Java Runtime Environment to continue.
# Native memory allocation (mmap) failed to map 1971322880 bytes for G1 virtual space
# Possible reasons:
#   The system is out of physical RAM or swap space
#   The process is running with CompressedOops enabled, and the Java Heap may be blocking the growth of the native heap
# Possible solutions:
#   Reduce memory load on the system
#   Increase physical memory or swap space
#   Check if swap backing store is full
#   Decrease Java heap size (-Xmx/-Xms)
#   Decrease number of Java threads
#   Decrease Java thread stack sizes (-Xss)
#   Set larger code cache with -XX:ReservedCodeCacheSize=
#   JVM is running with Zero Based Compressed Oops mode in which the Java heap is
#     placed in the first 32GB address space. The Java Heap base address is the
#     maximum limit for the native heap growth. Please use -XX:HeapBaseMinAddress
#     to set the Java Heap base and to place the Java Heap above 32GB virtual address.
# This output file may be truncated or incomplete.
#
#  Out of Memory Error (os_windows.cpp:3532), pid=16036, tid=21848
#
# JRE version: OpenJDK Runtime Environment Temurin-17.0.2+8 (17.0.2+8) (build 17.0.2+8)
# Java VM: OpenJDK 64-Bit Server VM Temurin-17.0.2+8 (17.0.2+8, mixed mode, tiered, compressed oops, compressed class ptrs, g1 gc, windows-amd64)
# No core dump will be written. Minidumps are not enabled by default on client versions of Windows
#

---------------  S U M M A R Y ------------

Command Line: -Xmx14336m -Xms1024m -Dfile.encoding=Cp1252 -XX:+ShowCodeDetailsInExceptionMessages ptyxio

Host: 11th Gen Intel(R) Core(TM) i7-1165G7 @ 2.80GHz, 8 cores, 15G,  Windows 10 , 64 bit Build 19041 (10.0.19041.1566)
Time: Wed Mar 16 17:11:06 2022 GTB Standard Time elapsed time: 0.384563 seconds (0d 0h 0m 0s)

---------------  T H R E A D  ---------------

Current thread (0x000001ad77c80030):  VMThread "VM Thread" [stack: 0x0000001a6f800000,0x0000001a6f900000] [id=21848]

Stack: [0x0000001a6f800000,0x0000001a6f900000]
Native frames: (J=compiled Java code, j=interpreted, Vv=VM code, C=native code)
V  [jvm.dll+0x67564a]
V  [jvm.dll+0x82fc04]
V  [jvm.dll+0x8313ae]
V  [jvm.dll+0x831a13]
V  [jvm.dll+0x245235]
V  [jvm.dll+0x672539]
V  [jvm.dll+0x666e82]
V  [jvm.dll+0x30401b]
V  [jvm.dll+0x30b566]
V  [jvm.dll+0x35b1fe]
V  [jvm.dll+0x35b42f]
V  [jvm.dll+0x2daf58]
V  [jvm.dll+0x2d920c]
V  [jvm.dll+0x2d87dc]
V  [jvm.dll+0x31c61b]
V  [jvm.dll+0x835ebb]
V  [jvm.dll+0x836bf4]
V  [jvm.dll+0x83710c]
V  [jvm.dll+0x8374e4]
V  [jvm.dll+0x8375b0]
V  [jvm.dll+0x7dff2a]
V  [jvm.dll+0x6744d5]
C  [ucrtbase.dll+0x21bb2]
C  [KERNEL32.DLL+0x17034]
C  [ntdll.dll+0x52651]

VM_Operation (0x0000001a6f2ff130): G1CollectForAllocation, mode: safepoint, requested by thread 0x000001ad412ef810


---------------  P R O C E S S  ---------------

Threads class SMR info:
_java_thread_list=0x000001ad77c8cd20, length=14, elements={
0x000001ad412ef810, 0x000001ad77c65c60, 0x000001ad77c66420, 0x000001ad77cda430,
0x000001ad77cdc910, 0x000001ad77cdd580, 0x000001ad77ce5700, 0x000001ad77ceb6c0,
0x000001ad77ceebf0, 0x000001ad77cf7500, 0x000001ad77e60f30, 0x000001ad77e642e0,
0x000001ad77e71e80, 0x000001ad77f6be70
}

Java Threads: ( => current thread )
  0x000001ad412ef810 JavaThread "main" [_thread_blocked, id=12924, stack(0x0000001a6f200000,0x0000001a6f300000)]
  0x000001ad77c65c60 JavaThread "Reference Handler" daemon [_thread_blocked, id=22932, stack(0x0000001a6f900000,0x0000001a6fa00000)]
  0x000001ad77c66420 JavaThread "Finalizer" daemon [_thread_blocked, id=21088, stack(0x0000001a6fa00000,0x0000001a6fb00000)]
  0x000001ad77cda430 JavaThread "Signal Dispatcher" daemon [_thread_blocked, id=3784, stack(0x0000001a6fb00000,0x0000001a6fc00000)]
  0x000001ad77cdc910 JavaThread "Attach Listener" daemon [_thread_blocked, id=20256, stack(0x0000001a6fc00000,0x0000001a6fd00000)]
  0x000001ad77cdd580 JavaThread "Service Thread" daemon [_thread_blocked, id=22840, stack(0x0000001a6fd00000,0x0000001a6fe00000)]
  0x000001ad77ce5700 JavaThread "Monitor Deflation Thread" daemon [_thread_blocked, id=15988, stack(0x0000001a6fe00000,0x0000001a6ff00000)]
  0x000001ad77ceb6c0 JavaThread "C2 CompilerThread0" daemon [_thread_blocked, id=14696, stack(0x0000001a6ff00000,0x0000001a70000000)]
  0x000001ad77ceebf0 JavaThread "C1 CompilerThread0" daemon [_thread_blocked, id=20404, stack(0x0000001a70000000,0x0000001a70100000)]
  0x000001ad77cf7500 JavaThread "Sweeper thread" daemon [_thread_blocked, id=9440, stack(0x0000001a70100000,0x0000001a70200000)]
  0x000001ad77e60f30 JavaThread "Notification Thread" daemon [_thread_blocked, id=13076, stack(0x0000001a70200000,0x0000001a70300000)]
  0x000001ad77e642e0 JavaThread "Common-Cleaner" daemon [_thread_blocked, id=15112, stack(0x0000001a70400000,0x0000001a70500000)]
  0x000001ad77e71e80 JavaThread "C2 CompilerThread1" daemon [_thread_blocked, id=22904, stack(0x0000001a70500000,0x0000001a70600000)]
  0x000001ad77f6be70 JavaThread "C2 CompilerThread2" daemon [_thread_blocked, id=18428, stack(0x0000001a70600000,0x0000001a70700000)]

Other Threads:
=>0x000001ad77c80030 VMThread "VM Thread" [stack: 0x0000001a6f800000,0x0000001a6f900000] [id=21848]
  0x000001ad77e62030 WatcherThread [stack: 0x0000001a70300000,0x0000001a70400000] [id=20684]
  0x000001ad4139e490 GCTaskThread "GC Thread#0" [stack: 0x0000001a6f300000,0x0000001a6f400000] [id=23144]
  0x000001ad78aced10 GCTaskThread "GC Thread#1" [stack: 0x0000001a70700000,0x0000001a70800000] [id=21404]
  0x000001ad78a40530 GCTaskThread "GC Thread#2" [stack: 0x0000001a70800000,0x0000001a70900000] [id=15556]
  0x000001ad78940890 GCTaskThread "GC Thread#3" [stack: 0x0000001a70900000,0x0000001a70a00000] [id=22700]
  0x000001ad77f195e0 GCTaskThread "GC Thread#4" [stack: 0x0000001a70a00000,0x0000001a70b00000] [id=22248]
  0x000001ad77f1a0a0 GCTaskThread "GC Thread#5" [stack: 0x0000001a70b00000,0x0000001a70c00000] [id=8436]
  0x000001ad77f1a350 GCTaskThread "GC Thread#6" [stack: 0x0000001a70c00000,0x0000001a70d00000] [id=16064]
  0x000001ad77f1a600 GCTaskThread "GC Thread#7" [stack: 0x0000001a70d00000,0x0000001a70e00000] [id=1936]
  0x000001ad413ad270 ConcurrentGCThread "G1 Main Marker" [stack: 0x0000001a6f400000,0x0000001a6f500000] [id=13500]
  0x000001ad413b02e0 ConcurrentGCThread "G1 Conc#0" [stack: 0x0000001a6f500000,0x0000001a6f600000] [id=19096]
  0x000001ad779c0010 ConcurrentGCThread "G1 Refine#0" [stack: 0x0000001a6f600000,0x0000001a6f700000] [id=9120]
  0x000001ad78a3f180 ConcurrentGCThread "G1 Refine#1" [stack: 0x0000001a70e00000,0x0000001a70f00000] [id=13244]
  0x000001ad78b58ee0 ConcurrentGCThread "G1 Refine#2" [stack: 0x0000001a70f00000,0x0000001a71000000] [id=15576]
  0x000001ad78b00fd0 ConcurrentGCThread "G1 Refine#3" [stack: 0x0000001a71000000,0x0000001a71100000] [id=20344]
  0x000001ad78a81530 ConcurrentGCThread "G1 Refine#4" [stack: 0x0000001a71100000,0x0000001a71200000] [id=23756]
  0x000001ad7891d920 ConcurrentGCThread "G1 Refine#5" [stack: 0x0000001a71200000,0x0000001a71300000] [id=7020]
  0x000001ad7891dc00 ConcurrentGCThread "G1 Refine#6" [stack: 0x0000001a71300000,0x0000001a71400000] [id=18496]
  0x000001ad78990fe0 ConcurrentGCThread "G1 Refine#7" [stack: 0x0000001a71400000,0x0000001a71500000] [id=23508]
  0x000001ad779c02f0 ConcurrentGCThread "G1 Service" [stack: 0x0000001a6f700000,0x0000001a6f800000] [id=24564]

Threads with active compile tasks:

VM state: at safepoint (normal execution)

VM Mutex/Monitor currently owned by a thread:  ([mutex/lock_event])
[0x000001ad412ea630] Threads_lock - owner thread: 0x000001ad77c80030
[0x000001ad412ead80] Heap_lock - owner thread: 0x000001ad412ef810

Heap address: 0x0000000480000000, size: 14336 MB, Compressed Oops mode: Zero based, Oop shift amount: 3

CDS archive(s) not mapped
Compressed class space mapped at: 0x0000000800000000-0x0000000840000000, reserved size: 1073741824
Narrow klass base: 0x0000000800000000, Narrow klass shift: 0, Narrow klass range: 0x40000000

GC Precious Log:
 CPUs: 8 total, 8 available
 Memory: 16062M
 Large Page Support: Disabled
 NUMA Support: Disabled
 Compressed Oops: Enabled (Zero based)
 Heap Region Size: 8M
 Heap Min Capacity: 1G
 Heap Initial Capacity: 1G
 Heap Max Capacity: 14G
 Pre-touch: Disabled
 Parallel Workers: 8
 Concurrent Workers: 2
 Concurrent Refinement Workers: 8
 Periodic GC: Disabled

Heap:
 garbage-first heap   total 1048576K, used 179888K [0x0000000480000000, 0x0000000800000000)
  region size 8192K, 1 young (8192K), 1 survivors (8192K)
 Metaspace       used 3869K, committed 3968K, reserved 1056768K
  class space    used 313K, committed 384K, reserved 1048576K

Heap Regions: E=young(eden), S=young(survivor), O=old, HS=humongous(starts), HC=humongous(continues), CS=collection set, F=free, OA=open archive, CA=closed archive, TAMS=top-at-mark-start (previous, next)
|   0|0x0000000480000000, 0x0000000480800000, 0x0000000480800000|100%| O|  |TAMS 0x0000000480000000, 0x0000000480000000| Untracked 
|   1|0x0000000480800000, 0x0000000481000000, 0x0000000481000000|100%| O|  |TAMS 0x0000000480800000, 0x0000000480800000| Untracked 
|   2|0x0000000481000000, 0x0000000481800000, 0x0000000481800000|100%| O|  |TAMS 0x0000000481000000, 0x0000000481000000| Untracked 
|   3|0x0000000481800000, 0x0000000482000000, 0x0000000482000000|100%| O|  |TAMS 0x0000000481800000, 0x0000000481800000| Untracked 
|   4|0x0000000482000000, 0x0000000482800000, 0x0000000482800000|100%| O|  |TAMS 0x0000000482000000, 0x0000000482000000| Untracked 
|   5|0x0000000482800000, 0x0000000483000000, 0x0000000483000000|100%| O|  |TAMS 0x0000000482800000, 0x0000000482800000| Untracked 
|   6|0x0000000483000000, 0x0000000483800000, 0x0000000483800000|100%| O|  |TAMS 0x0000000483000000, 0x0000000483000000| Untracked 
|   7|0x0000000483800000, 0x0000000484000000, 0x0000000484000000|100%| O|  |TAMS 0x0000000483800000, 0x0000000483800000| Untracked 
|   8|0x0000000484000000, 0x0000000484800000, 0x0000000484800000|100%| O|  |TAMS 0x0000000484000000, 0x0000000484000000| Untracked 
|   9|0x0000000484800000, 0x0000000485000000, 0x0000000485000000|100%| O|  |TAMS 0x0000000484800000, 0x0000000484800000| Untracked 
|  10|0x0000000485000000, 0x0000000485800000, 0x0000000485800000|100%| O|  |TAMS 0x0000000485000000, 0x0000000485000000| Untracked 
|  11|0x0000000485800000, 0x0000000486000000, 0x0000000486000000|100%|HS|  |TAMS 0x0000000485800000, 0x0000000485800000| Complete 
|  12|0x0000000486000000, 0x0000000486800000, 0x0000000486800000|100%| O|  |TAMS 0x0000000486000000, 0x0000000486000000| Untracked 
|  13|0x0000000486800000, 0x0000000487000000, 0x0000000487000000|100%| O|  |TAMS 0x0000000486800000, 0x0000000486800000| Untracked 
|  14|0x0000000487000000, 0x0000000487800000, 0x0000000487800000|100%| O|  |TAMS 0x0000000487000000, 0x0000000487000000| Untracked 
|  15|0x0000000487800000, 0x0000000488000000, 0x0000000488000000|100%| O|  |TAMS 0x0000000487800000, 0x0000000487800000| Untracked 
|  16|0x0000000488000000, 0x0000000488800000, 0x0000000488800000|100%|HS|  |TAMS 0x0000000488000000, 0x0000000488000000| Complete 
|  17|0x0000000488800000, 0x0000000489000000, 0x0000000489000000|100%| O|  |TAMS 0x0000000488800000, 0x0000000488800000| Untracked 
|  18|0x0000000489000000, 0x0000000489800000, 0x0000000489800000|100%| O|  |TAMS 0x0000000489000000, 0x0000000489000000| Untracked 
|  19|0x0000000489800000, 0x000000048a000000, 0x000000048a000000|100%| O|  |TAMS 0x0000000489800000, 0x0000000489800000| Untracked 
|  20|0x000000048a000000, 0x000000048a7ac200, 0x000000048a800000| 95%| O|  |TAMS 0x000000048a000000, 0x000000048a000000| Untracked 
|  21|0x000000048a800000, 0x000000048a800000, 0x000000048b000000|  0%| F|  |TAMS 0x000000048a800000, 0x000000048a800000| Untracked 
|  22|0x000000048b000000, 0x000000048b000000, 0x000000048b800000|  0%| F|  |TAMS 0x000000048b000000, 0x000000048b000000| Untracked 
|  23|0x000000048b800000, 0x000000048b800000, 0x000000048c000000|  0%| F|  |TAMS 0x000000048b800000, 0x000000048b800000| Untracked 
|  24|0x000000048c000000, 0x000000048c000000, 0x000000048c800000|  0%| F|  |TAMS 0x000000048c000000, 0x000000048c000000| Untracked 
|  25|0x000000048c800000, 0x000000048c800000, 0x000000048d000000|  0%| F|  |TAMS 0x000000048c800000, 0x000000048c800000| Untracked 
|  26|0x000000048d000000, 0x000000048d000000, 0x000000048d800000|  0%| F|  |TAMS 0x000000048d000000, 0x000000048d000000| Untracked 
|  27|0x000000048d800000, 0x000000048d800000, 0x000000048e000000|  0%| F|  |TAMS 0x000000048d800000, 0x000000048d800000| Untracked 
|  28|0x000000048e000000, 0x000000048e000000, 0x000000048e800000|  0%| F|  |TAMS 0x000000048e000000, 0x000000048e000000| Untracked 
|  29|0x000000048e800000, 0x000000048e800000, 0x000000048f000000|  0%| F|  |TAMS 0x000000048e800000, 0x000000048e800000| Untracked 
|  30|0x000000048f000000, 0x000000048f000000, 0x000000048f800000|  0%| F|  |TAMS 0x000000048f000000, 0x000000048f000000| Untracked 
|  31|0x000000048f800000, 0x000000048f800000, 0x0000000490000000|  0%| F|  |TAMS 0x000000048f800000, 0x000000048f800000| Untracked 
|  32|0x0000000490000000, 0x0000000490000000, 0x0000000490800000|  0%| F|  |TAMS 0x0000000490000000, 0x0000000490000000| Untracked 
|  33|0x0000000490800000, 0x0000000490800000, 0x0000000491000000|  0%| F|  |TAMS 0x0000000490800000, 0x0000000490800000| Untracked 
|  34|0x0000000491000000, 0x0000000491000000, 0x0000000491800000|  0%| F|  |TAMS 0x0000000491000000, 0x0000000491000000| Untracked 
|  35|0x0000000491800000, 0x0000000491800000, 0x0000000492000000|  0%| F|  |TAMS 0x0000000491800000, 0x0000000491800000| Untracked 
|  36|0x0000000492000000, 0x0000000492000000, 0x0000000492800000|  0%| F|  |TAMS 0x0000000492000000, 0x0000000492000000| Untracked 
|  37|0x0000000492800000, 0x0000000492800000, 0x0000000493000000|  0%| F|  |TAMS 0x0000000492800000, 0x0000000492800000| Untracked 
|  38|0x0000000493000000, 0x0000000493000000, 0x0000000493800000|  0%| F|  |TAMS 0x0000000493000000, 0x0000000493000000| Untracked 
|  39|0x0000000493800000, 0x0000000493800000, 0x0000000494000000|  0%| F|  |TAMS 0x0000000493800000, 0x0000000493800000| Untracked 
|  40|0x0000000494000000, 0x0000000494000000, 0x0000000494800000|  0%| F|  |TAMS 0x0000000494000000, 0x0000000494000000| Untracked 
|  41|0x0000000494800000, 0x0000000494800000, 0x0000000495000000|  0%| F|  |TAMS 0x0000000494800000, 0x0000000494800000| Untracked 
|  42|0x0000000495000000, 0x0000000495000000, 0x0000000495800000|  0%| F|  |TAMS 0x0000000495000000, 0x0000000495000000| Untracked 
|  43|0x0000000495800000, 0x0000000495800000, 0x0000000496000000|  0%| F|  |TAMS 0x0000000495800000, 0x0000000495800000| Untracked 
|  44|0x0000000496000000, 0x0000000496000000, 0x0000000496800000|  0%| F|  |TAMS 0x0000000496000000, 0x0000000496000000| Untracked 
|  45|0x0000000496800000, 0x0000000496800000, 0x0000000497000000|  0%| F|  |TAMS 0x0000000496800000, 0x0000000496800000| Untracked 
|  46|0x0000000497000000, 0x0000000497000000, 0x0000000497800000|  0%| F|  |TAMS 0x0000000497000000, 0x0000000497000000| Untracked 
|  47|0x0000000497800000, 0x0000000497800000, 0x0000000498000000|  0%| F|  |TAMS 0x0000000497800000, 0x0000000497800000| Untracked 
|  48|0x0000000498000000, 0x0000000498000000, 0x0000000498800000|  0%| F|  |TAMS 0x0000000498000000, 0x0000000498000000| Untracked 
|  49|0x0000000498800000, 0x0000000498800000, 0x0000000499000000|  0%| F|  |TAMS 0x0000000498800000, 0x0000000498800000| Untracked 
|  50|0x0000000499000000, 0x0000000499000000, 0x0000000499800000|  0%| F|  |TAMS 0x0000000499000000, 0x0000000499000000| Untracked 
|  51|0x0000000499800000, 0x0000000499800000, 0x000000049a000000|  0%| F|  |TAMS 0x0000000499800000, 0x0000000499800000| Untracked 
|  52|0x000000049a000000, 0x000000049a000000, 0x000000049a800000|  0%| F|  |TAMS 0x000000049a000000, 0x000000049a000000| Untracked 
|  53|0x000000049a800000, 0x000000049a800000, 0x000000049b000000|  0%| F|  |TAMS 0x000000049a800000, 0x000000049a800000| Untracked 
|  54|0x000000049b000000, 0x000000049b000000, 0x000000049b800000|  0%| F|  |TAMS 0x000000049b000000, 0x000000049b000000| Untracked 
|  55|0x000000049b800000, 0x000000049b800000, 0x000000049c000000|  0%| F|  |TAMS 0x000000049b800000, 0x000000049b800000| Untracked 
|  56|0x000000049c000000, 0x000000049c000000, 0x000000049c800000|  0%| F|  |TAMS 0x000000049c000000, 0x000000049c000000| Untracked 
|  57|0x000000049c800000, 0x000000049c800000, 0x000000049d000000|  0%| F|  |TAMS 0x000000049c800000, 0x000000049c800000| Untracked 
|  58|0x000000049d000000, 0x000000049d000000, 0x000000049d800000|  0%| F|  |TAMS 0x000000049d000000, 0x000000049d000000| Untracked 
|  59|0x000000049d800000, 0x000000049d800000, 0x000000049e000000|  0%| F|  |TAMS 0x000000049d800000, 0x000000049d800000| Untracked 
|  60|0x000000049e000000, 0x000000049e000000, 0x000000049e800000|  0%| F|  |TAMS 0x000000049e000000, 0x000000049e000000| Untracked 
|  61|0x000000049e800000, 0x000000049e800000, 0x000000049f000000|  0%| F|  |TAMS 0x000000049e800000, 0x000000049e800000| Untracked 
|  62|0x000000049f000000, 0x000000049f000000, 0x000000049f800000|  0%| F|  |TAMS 0x000000049f000000, 0x000000049f000000| Untracked 
|  63|0x000000049f800000, 0x000000049f800000, 0x00000004a0000000|  0%| F|  |TAMS 0x000000049f800000, 0x000000049f800000| Untracked 
|  64|0x00000004a0000000, 0x00000004a0000000, 0x00000004a0800000|  0%| F|  |TAMS 0x00000004a0000000, 0x00000004a0000000| Untracked 
|  65|0x00000004a0800000, 0x00000004a0800000, 0x00000004a1000000|  0%| F|  |TAMS 0x00000004a0800000, 0x00000004a0800000| Untracked 
|  66|0x00000004a1000000, 0x00000004a1000000, 0x00000004a1800000|  0%| F|  |TAMS 0x00000004a1000000, 0x00000004a1000000| Untracked 
|  67|0x00000004a1800000, 0x00000004a1800000, 0x00000004a2000000|  0%| F|  |TAMS 0x00000004a1800000, 0x00000004a1800000| Untracked 
|  68|0x00000004a2000000, 0x00000004a2000000, 0x00000004a2800000|  0%| F|  |TAMS 0x00000004a2000000, 0x00000004a2000000| Untracked 
|  69|0x00000004a2800000, 0x00000004a2800000, 0x00000004a3000000|  0%| F|  |TAMS 0x00000004a2800000, 0x00000004a2800000| Untracked 
|  70|0x00000004a3000000, 0x00000004a3000000, 0x00000004a3800000|  0%| F|  |TAMS 0x00000004a3000000, 0x00000004a3000000| Untracked 
|  71|0x00000004a3800000, 0x00000004a3800000, 0x00000004a4000000|  0%| F|  |TAMS 0x00000004a3800000, 0x00000004a3800000| Untracked 
|  72|0x00000004a4000000, 0x00000004a4000000, 0x00000004a4800000|  0%| F|  |TAMS 0x00000004a4000000, 0x00000004a4000000| Untracked 
|  73|0x00000004a4800000, 0x00000004a4800000, 0x00000004a5000000|  0%| F|  |TAMS 0x00000004a4800000, 0x00000004a4800000| Untracked 
|  74|0x00000004a5000000, 0x00000004a5000000, 0x00000004a5800000|  0%| F|  |TAMS 0x00000004a5000000, 0x00000004a5000000| Untracked 
|  75|0x00000004a5800000, 0x00000004a5800000, 0x00000004a6000000|  0%| F|  |TAMS 0x00000004a5800000, 0x00000004a5800000| Untracked 
|  76|0x00000004a6000000, 0x00000004a6000000, 0x00000004a6800000|  0%| F|  |TAMS 0x00000004a6000000, 0x00000004a6000000| Untracked 
|  77|0x00000004a6800000, 0x00000004a6800000, 0x00000004a7000000|  0%| F|  |TAMS 0x00000004a6800000, 0x00000004a6800000| Untracked 
|  78|0x00000004a7000000, 0x00000004a7000000, 0x00000004a7800000|  0%| F|  |TAMS 0x00000004a7000000, 0x00000004a7000000| Untracked 
|  79|0x00000004a7800000, 0x00000004a7800000, 0x00000004a8000000|  0%| F|  |TAMS 0x00000004a7800000, 0x00000004a7800000| Untracked 
|  80|0x00000004a8000000, 0x00000004a8000000, 0x00000004a8800000|  0%| F|  |TAMS 0x00000004a8000000, 0x00000004a8000000| Untracked 
|  81|0x00000004a8800000, 0x00000004a8800000, 0x00000004a9000000|  0%| F|  |TAMS 0x00000004a8800000, 0x00000004a8800000| Untracked 
|  82|0x00000004a9000000, 0x00000004a9000000, 0x00000004a9800000|  0%| F|  |TAMS 0x00000004a9000000, 0x00000004a9000000| Untracked 
|  83|0x00000004a9800000, 0x00000004a9800000, 0x00000004aa000000|  0%| F|  |TAMS 0x00000004a9800000, 0x00000004a9800000| Untracked 
|  84|0x00000004aa000000, 0x00000004aa000000, 0x00000004aa800000|  0%| F|  |TAMS 0x00000004aa000000, 0x00000004aa000000| Untracked 
|  85|0x00000004aa800000, 0x00000004aa800000, 0x00000004ab000000|  0%| F|  |TAMS 0x00000004aa800000, 0x00000004aa800000| Untracked 
|  86|0x00000004ab000000, 0x00000004ab000000, 0x00000004ab800000|  0%| F|  |TAMS 0x00000004ab000000, 0x00000004ab000000| Untracked 
|  87|0x00000004ab800000, 0x00000004ab800000, 0x00000004ac000000|  0%| F|  |TAMS 0x00000004ab800000, 0x00000004ab800000| Untracked 
|  88|0x00000004ac000000, 0x00000004ac000000, 0x00000004ac800000|  0%| F|  |TAMS 0x00000004ac000000, 0x00000004ac000000| Untracked 
|  89|0x00000004ac800000, 0x00000004ac800000, 0x00000004ad000000|  0%| F|  |TAMS 0x00000004ac800000, 0x00000004ac800000| Untracked 
|  90|0x00000004ad000000, 0x00000004ad000000, 0x00000004ad800000|  0%| F|  |TAMS 0x00000004ad000000, 0x00000004ad000000| Untracked 
|  91|0x00000004ad800000, 0x00000004ad800000, 0x00000004ae000000|  0%| F|  |TAMS 0x00000004ad800000, 0x00000004ad800000| Untracked 
|  92|0x00000004ae000000, 0x00000004ae000000, 0x00000004ae800000|  0%| F|  |TAMS 0x00000004ae000000, 0x00000004ae000000| Untracked 
|  93|0x00000004ae800000, 0x00000004ae800000, 0x00000004af000000|  0%| F|  |TAMS 0x00000004ae800000, 0x00000004ae800000| Untracked 
|  94|0x00000004af000000, 0x00000004af000000, 0x00000004af800000|  0%| F|  |TAMS 0x00000004af000000, 0x00000004af000000| Untracked 
|  95|0x00000004af800000, 0x00000004af800000, 0x00000004b0000000|  0%| F|  |TAMS 0x00000004af800000, 0x00000004af800000| Untracked 
|  96|0x00000004b0000000, 0x00000004b0000000, 0x00000004b0800000|  0%| F|  |TAMS 0x00000004b0000000, 0x00000004b0000000| Untracked 
|  97|0x00000004b0800000, 0x00000004b0800000, 0x00000004b1000000|  0%| F|  |TAMS 0x00000004b0800000, 0x00000004b0800000| Untracked 
|  98|0x00000004b1000000, 0x00000004b1000000, 0x00000004b1800000|  0%| F|  |TAMS 0x00000004b1000000, 0x00000004b1000000| Untracked 
|  99|0x00000004b1800000, 0x00000004b1800000, 0x00000004b2000000|  0%| F|  |TAMS 0x00000004b1800000, 0x00000004b1800000| Untracked 
| 100|0x00000004b2000000, 0x00000004b2000000, 0x00000004b2800000|  0%| F|  |TAMS 0x00000004b2000000, 0x00000004b2000000| Untracked 
| 101|0x00000004b2800000, 0x00000004b2800000, 0x00000004b3000000|  0%| F|  |TAMS 0x00000004b2800000, 0x00000004b2800000| Untracked 
| 102|0x00000004b3000000, 0x00000004b3000000, 0x00000004b3800000|  0%| F|  |TAMS 0x00000004b3000000, 0x00000004b3000000| Untracked 
| 103|0x00000004b3800000, 0x00000004b3800000, 0x00000004b4000000|  0%| F|  |TAMS 0x00000004b3800000, 0x00000004b3800000| Untracked 
| 104|0x00000004b4000000, 0x00000004b4000000, 0x00000004b4800000|  0%| F|  |TAMS 0x00000004b4000000, 0x00000004b4000000| Untracked 
| 105|0x00000004b4800000, 0x00000004b4800000, 0x00000004b5000000|  0%| F|  |TAMS 0x00000004b4800000, 0x00000004b4800000| Untracked 
| 106|0x00000004b5000000, 0x00000004b5000000, 0x00000004b5800000|  0%| F|  |TAMS 0x00000004b5000000, 0x00000004b5000000| Untracked 
| 107|0x00000004b5800000, 0x00000004b5800000, 0x00000004b6000000|  0%| F|  |TAMS 0x00000004b5800000, 0x00000004b5800000| Untracked 
| 108|0x00000004b6000000, 0x00000004b6000000, 0x00000004b6800000|  0%| F|  |TAMS 0x00000004b6000000, 0x00000004b6000000| Untracked 
| 109|0x00000004b6800000, 0x00000004b6800000, 0x00000004b7000000|  0%| F|  |TAMS 0x00000004b6800000, 0x00000004b6800000| Untracked 
| 110|0x00000004b7000000, 0x00000004b7000000, 0x00000004b7800000|  0%| F|  |TAMS 0x00000004b7000000, 0x00000004b7000000| Untracked 
| 111|0x00000004b7800000, 0x00000004b7800000, 0x00000004b8000000|  0%| F|  |TAMS 0x00000004b7800000, 0x00000004b7800000| Untracked 
| 112|0x00000004b8000000, 0x00000004b8000000, 0x00000004b8800000|  0%| F|  |TAMS 0x00000004b8000000, 0x00000004b8000000| Untracked 
| 113|0x00000004b8800000, 0x00000004b8800000, 0x00000004b9000000|  0%| F|  |TAMS 0x00000004b8800000, 0x00000004b8800000| Untracked 
| 114|0x00000004b9000000, 0x00000004b9000000, 0x00000004b9800000|  0%| F|  |TAMS 0x00000004b9000000, 0x00000004b9000000| Untracked 
| 115|0x00000004b9800000, 0x00000004b9800000, 0x00000004ba000000|  0%| F|  |TAMS 0x00000004b9800000, 0x00000004b9800000| Untracked 
| 116|0x00000004ba000000, 0x00000004ba000000, 0x00000004ba800000|  0%| F|  |TAMS 0x00000004ba000000, 0x00000004ba000000| Untracked 
| 117|0x00000004ba800000, 0x00000004ba800000, 0x00000004bb000000|  0%| F|  |TAMS 0x00000004ba800000, 0x00000004ba800000| Untracked 
| 118|0x00000004bb000000, 0x00000004bb000000, 0x00000004bb800000|  0%| F|  |TAMS 0x00000004bb000000, 0x00000004bb000000| Untracked 
| 119|0x00000004bb800000, 0x00000004bb800000, 0x00000004bc000000|  0%| F|  |TAMS 0x00000004bb800000, 0x00000004bb800000| Untracked 
| 120|0x00000004bc000000, 0x00000004bc000000, 0x00000004bc800000|  0%| F|  |TAMS 0x00000004bc000000, 0x00000004bc000000| Untracked 
| 121|0x00000004bc800000, 0x00000004bd000000, 0x00000004bd000000|100%| S|CS|TAMS 0x00000004bc800000, 0x00000004bc800000| Complete 
| 122|0x00000004bd000000, 0x00000004bd000000, 0x00000004bd800000|  0%| F|  |TAMS 0x00000004bd000000, 0x00000004bd000000| Untracked 
| 123|0x00000004bd800000, 0x00000004bd800000, 0x00000004be000000|  0%| F|  |TAMS 0x00000004bd800000, 0x00000004bd800000| Untracked 
| 124|0x00000004be000000, 0x00000004be000000, 0x00000004be800000|  0%| F|  |TAMS 0x00000004be000000, 0x00000004be000000| Untracked 
| 125|0x00000004be800000, 0x00000004be800000, 0x00000004bf000000|  0%| F|  |TAMS 0x00000004be800000, 0x00000004be800000| Untracked 
| 126|0x00000004bf000000, 0x00000004bf000000, 0x00000004bf800000|  0%| F|  |TAMS 0x00000004bf000000, 0x00000004bf000000| Untracked 
| 127|0x00000004bf800000, 0x00000004bf800000, 0x00000004c0000000|  0%| F|  |TAMS 0x00000004bf800000, 0x00000004bf800000| Untracked 

Card table byte_map: [0x000001ad558f0000,0x000001ad574f0000] _byte_map_base: 0x000001ad534f0000

Marking Bits (Prev, Next): (CMBitMap*) 0x000001ad4139e940, (CMBitMap*) 0x000001ad4139e980
 Prev Bits: [0x000001ad590f0000, 0x000001ad670f0000)
 Next Bits: [0x000001ad670f0000, 0x000001ad750f0000)

Polling page: 0x000001ad40ad0000

Metaspace:

Usage:
  Non-class:      3.47 MB used.
      Class:    313.73 KB used.
       Both:      3.78 MB used.

Virtual space:
  Non-class space:        8.00 MB reserved,       3.50 MB ( 44%) committed,  1 nodes.
      Class space:        1.00 GB reserved,     384.00 KB ( <1%) committed,  1 nodes.
             Both:        1.01 GB reserved,       3.88 MB ( <1%) committed. 

Chunk freelists:
   Non-Class:  3.96 MB
       Class:  3.62 MB
        Both:  7.58 MB

MaxMetaspaceSize: unlimited
CompressedClassSpaceSize: 1.00 GB
Initial GC threshold: 21.00 MB
Current GC threshold: 21.00 MB
CDS: off
MetaspaceReclaimPolicy: balanced
 - commit_granule_bytes: 65536.
 - commit_granule_words: 8192.
 - virtual_space_node_default_size: 1048576.
 - enlarge_chunks_in_place: 1.
 - new_chunks_are_fully_committed: 0.
 - uncommit_free_chunks: 1.
 - use_allocation_guard: 0.
 - handle_deallocations: 1.


Internal statistics:

num_allocs_failed_limit: 0.
num_arena_births: 4.
num_arena_deaths: 0.
num_vsnodes_births: 2.
num_vsnodes_deaths: 0.
num_space_committed: 62.
num_space_uncommitted: 0.
num_chunks_returned_to_freelist: 0.
num_chunks_taken_from_freelist: 11.
num_chunk_merges: 0.
num_chunk_splits: 5.
num_chunks_enlarged: 4.
num_purges: 0.
num_inconsistent_stats: 0.

CodeHeap 'non-profiled nmethods': size=120000Kb used=87Kb max_used=87Kb free=119912Kb
 bounds [0x000001ad4c480000, 0x000001ad4c6f0000, 0x000001ad539b0000]
CodeHeap 'profiled nmethods': size=120000Kb used=161Kb max_used=161Kb free=119838Kb
 bounds [0x000001ad44f50000, 0x000001ad451c0000, 0x000001ad4c480000]
CodeHeap 'non-nmethods': size=5760Kb used=1050Kb max_used=1078Kb free=4709Kb
 bounds [0x000001ad449b0000, 0x000001ad44c20000, 0x000001ad44f50000]
 total_blobs=424 nmethods=130 adapters=207
 compilation: enabled
              stopped_count=0, restarted_count=0
 full_count=0

Compilation events (20 events):
Event: 0.108 Thread 0x000001ad77ceb6c0  119       4       java.util.ArrayList::add (25 bytes)
Event: 0.108 Thread 0x000001ad77e71e80 nmethod 82 0x000001ad4c48dc10 code [0x000001ad4c48dda0, 0x000001ad4c48e0d8]
Event: 0.108 Thread 0x000001ad77e71e80  123       4       Grafoi::addEdge (12 bytes)
Event: 0.109 Thread 0x000001ad77f6be70 nmethod 126 0x000001ad4c48e210 code [0x000001ad4c48e3a0, 0x000001ad4c48e648]
Event: 0.109 Thread 0x000001ad77f6be70  122       4       Pair::<init> (15 bytes)
Event: 0.109 Thread 0x000001ad77ceb6c0 nmethod 119 0x000001ad4c48e890 code [0x000001ad4c48ea20, 0x000001ad4c48ec28]
Event: 0.109 Thread 0x000001ad77ceb6c0  124       4       java.util.HashMap::hash (20 bytes)
Event: 0.110 Thread 0x000001ad77f6be70 nmethod 122 0x000001ad4c48ed90 code [0x000001ad4c48ef00, 0x000001ad4c48f138]
Event: 0.110 Thread 0x000001ad77f6be70  129       4       java.lang.Integer::valueOf (32 bytes)
Event: 0.110 Thread 0x000001ad77e71e80 nmethod 123 0x000001ad4c48f190 code [0x000001ad4c48f320, 0x000001ad4c48f568]
Event: 0.110 Thread 0x000001ad77e71e80  120       4       StdRandom::bernoulli (48 bytes)
Event: 0.110 Thread 0x000001ad77f6be70 nmethod 129 0x000001ad4c48f710 code [0x000001ad4c48f8a0, 0x000001ad4c48f9b8]
Event: 0.110 Thread 0x000001ad77f6be70  118       4       Grafoi::increaseDegreeOfVertex (29 bytes)
Event: 0.111 Thread 0x000001ad77e71e80 nmethod 120 0x000001ad4c48fa90 code [0x000001ad4c48fc40, 0x000001ad4c48fe38]
Event: 0.111 Thread 0x000001ad77e71e80   91       4       java.util.HashMap::newNode (13 bytes)
Event: 0.112 Thread 0x000001ad77e71e80 nmethod 91 0x000001ad4c490010 code [0x000001ad4c4901a0, 0x000001ad4c4902b8]
Event: 0.112 Thread 0x000001ad77ceb6c0 nmethod 124 0x000001ad4c490390 code [0x000001ad4c490520, 0x000001ad4c490758]
Event: 0.114 Thread 0x000001ad77e71e80  130 %     4       MinimalSplit::testInput @ 59 (161 bytes)
Event: 0.121 Thread 0x000001ad77f6be70 nmethod 118 0x000001ad4c490910 code [0x000001ad4c490ae0, 0x000001ad4c491568]
Event: 0.167 Thread 0x000001ad77e71e80 nmethod 130% 0x000001ad4c491d10 code [0x000001ad4c492000, 0x000001ad4c4947a8]

GC Heap History (9 events):
Event: 0.150 GC heap before
{Heap before GC invocations=0 (full 0):
 garbage-first heap   total 1048576K, used 49152K [0x0000000480000000, 0x0000000800000000)
  region size 8192K, 6 young (49152K), 0 survivors (0K)
 Metaspace       used 3869K, committed 3968K, reserved 1056768K
  class space    used 313K, committed 384K, reserved 1048576K
}
Event: 0.160 GC heap after
{Heap after GC invocations=1 (full 0):
 garbage-first heap   total 1048576K, used 22808K [0x0000000480000000, 0x0000000800000000)
  region size 8192K, 1 young (8192K), 1 survivors (8192K)
 Metaspace       used 3869K, committed 3968K, reserved 1056768K
  class space    used 313K, committed 384K, reserved 1048576K
}
Event: 0.192 GC heap before
{Heap before GC invocations=1 (full 0):
 garbage-first heap   total 1048576K, used 63768K [0x0000000480000000, 0x0000000800000000)
  region size 8192K, 6 young (49152K), 1 survivors (8192K)
 Metaspace       used 3869K, committed 3968K, reserved 1056768K
  class space    used 313K, committed 384K, reserved 1048576K
}
Event: 0.206 GC heap after
{Heap after GC invocations=2 (full 0):
 garbage-first heap   total 1048576K, used 56052K [0x0000000480000000, 0x0000000800000000)
  region size 8192K, 1 young (8192K), 1 survivors (8192K)
 Metaspace       used 3869K, committed 3968K, reserved 1056768K
  class space    used 313K, committed 384K, reserved 1048576K
}
Event: 0.237 GC heap before
{Heap before GC invocations=2 (full 0):
 garbage-first heap   total 1048576K, used 88820K [0x0000000480000000, 0x0000000800000000)
  region size 8192K, 6 young (49152K), 1 survivors (8192K)
 Metaspace       used 3869K, committed 3968K, reserved 1056768K
  class space    used 313K, committed 384K, reserved 1048576K
}
Event: 0.253 GC heap after
{Heap after GC invocations=3 (full 0):
 garbage-first heap   total 1048576K, used 94213K [0x0000000480000000, 0x0000000800000000)
  region size 8192K, 1 young (8192K), 1 survivors (8192K)
 Metaspace       used 3869K, committed 3968K, reserved 1056768K
  class space    used 313K, committed 384K, reserved 1048576K
}
Event: 0.292 GC heap before
{Heap before GC invocations=3 (full 0):
 garbage-first heap   total 1048576K, used 143365K [0x0000000480000000, 0x0000000800000000)
  region size 8192K, 6 young (49152K), 1 survivors (8192K)
 Metaspace       used 3869K, committed 3968K, reserved 1056768K
  class space    used 313K, committed 384K, reserved 1048576K
}
Event: 0.310 GC heap after
{Heap after GC invocations=4 (full 0):
 garbage-first heap   total 1048576K, used 136807K [0x0000000480000000, 0x0000000800000000)
  region size 8192K, 1 young (8192K), 1 survivors (8192K)
 Metaspace       used 3869K, committed 3968K, reserved 1056768K
  class space    used 313K, committed 384K, reserved 1048576K
}
Event: 0.347 GC heap before
{Heap before GC invocations=4 (full 0):
 garbage-first heap   total 1048576K, used 185959K [0x0000000480000000, 0x0000000800000000)
  region size 8192K, 6 young (49152K), 1 survivors (8192K)
 Metaspace       used 3869K, committed 3968K, reserved 1056768K
  class space    used 313K, committed 384K, reserved 1048576K
}

Deoptimization events (10 events):
Event: 0.088 Thread 0x000001ad412ef810 Uncommon trap: trap_request=0xffffff45 fr.pc=0x000001ad4c4851d8 relative=0x0000000000000598
Event: 0.088 Thread 0x000001ad412ef810 Uncommon trap: reason=unstable_if action=reinterpret pc=0x000001ad4c4851d8 method=java.util.HashMap.putVal(ILjava/lang/Object;Ljava/lang/Object;ZZ)Ljava/lang/Object; @ 69 c2
Event: 0.088 Thread 0x000001ad412ef810 DEOPT PACKING pc=0x000001ad4c4851d8 sp=0x0000001a6f2ff260
Event: 0.088 Thread 0x000001ad412ef810 DEOPT UNPACKING pc=0x000001ad44a05c23 sp=0x0000001a6f2ff200 mode 2
Event: 0.098 Thread 0x000001ad412ef810 Uncommon trap: trap_request=0xffffff45 fr.pc=0x000001ad4c4890bc relative=0x0000000000000b5c
Event: 0.098 Thread 0x000001ad412ef810 Uncommon trap: reason=unstable_if action=reinterpret pc=0x000001ad4c4890bc method=java.util.HashMap.putVal(ILjava/lang/Object;Ljava/lang/Object;ZZ)Ljava/lang/Object; @ 181 c2
Event: 0.098 Thread 0x000001ad412ef810 DEOPT PACKING pc=0x000001ad4c4890bc sp=0x0000001a6f2ff2f0
Event: 0.098 Thread 0x000001ad412ef810 DEOPT UNPACKING pc=0x000001ad44a05c23 sp=0x0000001a6f2ff220 mode 2
Event: 0.167 Thread 0x000001ad412ef810 DEOPT PACKING pc=0x000001ad44f74d55 sp=0x0000001a6f2ff3c0
Event: 0.167 Thread 0x000001ad412ef810 DEOPT UNPACKING pc=0x000001ad44a06763 sp=0x0000001a6f2fe900 mode 0

Classes unloaded (0 events):
No events

Classes redefined (0 events):
No events

Internal exceptions (0 events):
No events

VM Operations (9 events):
Event: 0.150 Executing VM operation: G1CollectForAllocation
Event: 0.160 Executing VM operation: G1CollectForAllocation done
Event: 0.192 Executing VM operation: G1CollectForAllocation
Event: 0.206 Executing VM operation: G1CollectForAllocation done
Event: 0.237 Executing VM operation: G1CollectForAllocation
Event: 0.253 Executing VM operation: G1CollectForAllocation done
Event: 0.292 Executing VM operation: G1CollectForAllocation
Event: 0.310 Executing VM operation: G1CollectForAllocation done
Event: 0.347 Executing VM operation: G1CollectForAllocation

Events (20 events):
Event: 0.077 loading class java/lang/Readable done
Event: 0.077 loading class java/io/Reader done
Event: 0.077 loading class java/io/FileReader
Event: 0.077 loading class java/io/InputStreamReader
Event: 0.077 loading class java/io/InputStreamReader done
Event: 0.077 loading class java/io/FileReader done
Event: 0.078 loading class java/util/concurrent/ConcurrentHashMap$ForwardingNode
Event: 0.078 loading class java/util/concurrent/ConcurrentHashMap$ForwardingNode done
Event: 0.081 loading class java/util/ArrayList$Itr
Event: 0.081 loading class java/util/ArrayList$Itr done
Event: 0.081 Thread 0x000001ad77e71e80 Thread added: 0x000001ad77e71e80
Event: 0.083 loading class java/lang/AssertionError
Event: 0.083 loading class java/lang/AssertionError done
Event: 0.084 loading class java/util/Random
Event: 0.084 loading class java/util/random/RandomGenerator
Event: 0.084 loading class java/util/random/RandomGenerator done
Event: 0.084 loading class java/util/Random done
Event: 0.084 loading class java/util/concurrent/atomic/AtomicLong
Event: 0.084 loading class java/util/concurrent/atomic/AtomicLong done
Event: 0.088 Thread 0x000001ad77f6be70 Thread added: 0x000001ad77f6be70


Dynamic libraries:
0x00007ff610a90000 - 0x00007ff610a9e000 	C:\Users\Chris\.p2\pool\plugins\org.eclipse.justj.openjdk.hotspot.jre.full.win32.x86_64_17.0.2.v20220201-1208\jre\bin\javaw.exe
0x00007fff22930000 - 0x00007fff22b25000 	C:\Windows\SYSTEM32\ntdll.dll
0x00007fff213e0000 - 0x00007fff2149e000 	C:\Windows\System32\KERNEL32.DLL
0x00007fff202d0000 - 0x00007fff20598000 	C:\Windows\System32\KERNELBASE.dll
0x00007fff20750000 - 0x00007fff20850000 	C:\Windows\System32\ucrtbase.dll
0x00007fff0c5a0000 - 0x00007fff0c5b8000 	C:\Users\Chris\.p2\pool\plugins\org.eclipse.justj.openjdk.hotspot.jre.full.win32.x86_64_17.0.2.v20220201-1208\jre\bin\jli.dll
0x00007fff0c580000 - 0x00007fff0c599000 	C:\Users\Chris\.p2\pool\plugins\org.eclipse.justj.openjdk.hotspot.jre.full.win32.x86_64_17.0.2.v20220201-1208\jre\bin\VCRUNTIME140.dll
0x00007fff21210000 - 0x00007fff213b0000 	C:\Windows\System32\USER32.dll
0x00007fff200a0000 - 0x00007fff200c2000 	C:\Windows\System32\win32u.dll
0x00007ffef4ae0000 - 0x00007ffef4d7a000 	C:\Windows\WinSxS\amd64_microsoft.windows.common-controls_6595b64144ccf1df_6.0.19041.1110_none_60b5254171f9507e\COMCTL32.dll
0x00007fff213b0000 - 0x00007fff213db000 	C:\Windows\System32\GDI32.dll
0x00007fff205a0000 - 0x00007fff206ab000 	C:\Windows\System32\gdi32full.dll
0x00007fff20990000 - 0x00007fff20a2e000 	C:\Windows\System32\msvcrt.dll
0x00007fff206b0000 - 0x00007fff2074d000 	C:\Windows\System32\msvcp_win.dll
0x00007fff22390000 - 0x00007fff223c0000 	C:\Windows\System32\IMM32.DLL
0x00007fff0fcc0000 - 0x00007fff0fccc000 	C:\Users\Chris\.p2\pool\plugins\org.eclipse.justj.openjdk.hotspot.jre.full.win32.x86_64_17.0.2.v20220201-1208\jre\bin\vcruntime140_1.dll
0x00007fff0c230000 - 0x00007fff0c2c1000 	C:\Users\Chris\.p2\pool\plugins\org.eclipse.justj.openjdk.hotspot.jre.full.win32.x86_64_17.0.2.v20220201-1208\jre\bin\msvcp140.dll
0x00007ffeb63a0000 - 0x00007ffeb6fe7000 	C:\Users\Chris\.p2\pool\plugins\org.eclipse.justj.openjdk.hotspot.jre.full.win32.x86_64_17.0.2.v20220201-1208\jre\bin\server\jvm.dll
0x00007fff20d40000 - 0x00007fff20dee000 	C:\Windows\System32\ADVAPI32.dll
0x00007fff20a40000 - 0x00007fff20adc000 	C:\Windows\System32\sechost.dll
0x00007fff20f30000 - 0x00007fff21055000 	C:\Windows\System32\RPCRT4.dll
0x00007fff20a30000 - 0x00007fff20a38000 	C:\Windows\System32\PSAPI.DLL
0x00007fff1b900000 - 0x00007fff1b909000 	C:\Windows\SYSTEM32\WSOCK32.dll
0x00007fff20df0000 - 0x00007fff20e5b000 	C:\Windows\System32\WS2_32.dll
0x00007fff123d0000 - 0x00007fff123da000 	C:\Windows\SYSTEM32\VERSION.dll
0x00007ffef4d80000 - 0x00007ffef4da7000 	C:\Windows\SYSTEM32\WINMM.dll
0x00007fff1e8f0000 - 0x00007fff1e902000 	C:\Windows\SYSTEM32\kernel.appcore.dll
0x00007fff197a0000 - 0x00007fff197aa000 	C:\Users\Chris\.p2\pool\plugins\org.eclipse.justj.openjdk.hotspot.jre.full.win32.x86_64_17.0.2.v20220201-1208\jre\bin\jimage.dll
0x00007fff1e4f0000 - 0x00007fff1e6d4000 	C:\Windows\SYSTEM32\DBGHELP.DLL
0x00007fff0cde0000 - 0x00007fff0ce0c000 	C:\Windows\SYSTEM32\dbgcore.DLL
0x00007fff20850000 - 0x00007fff208d2000 	C:\Windows\System32\bcryptPrimitives.dll
0x00007fff181b0000 - 0x00007fff181d5000 	C:\Users\Chris\.p2\pool\plugins\org.eclipse.justj.openjdk.hotspot.jre.full.win32.x86_64_17.0.2.v20220201-1208\jre\bin\java.dll
0x00007fff0e420000 - 0x00007fff0e438000 	C:\Users\Chris\.p2\pool\plugins\org.eclipse.justj.openjdk.hotspot.jre.full.win32.x86_64_17.0.2.v20220201-1208\jre\bin\zip.dll
0x00007fff21550000 - 0x00007fff21c94000 	C:\Windows\System32\SHELL32.dll
0x00007fff1dd50000 - 0x00007fff1e4e4000 	C:\Windows\SYSTEM32\windows.storage.dll
0x00007fff223e0000 - 0x00007fff22734000 	C:\Windows\System32\combase.dll
0x00007fff1fab0000 - 0x00007fff1fadc000 	C:\Windows\SYSTEM32\Wldp.dll
0x00007fff222d0000 - 0x00007fff2237d000 	C:\Windows\System32\SHCORE.dll
0x00007fff20c20000 - 0x00007fff20c75000 	C:\Windows\System32\shlwapi.dll
0x00007fff1ff90000 - 0x00007fff1ffaf000 	C:\Windows\SYSTEM32\profapi.dll

dbghelp: loaded successfully - version: 4.0.5 - missing functions: none
symbol engine: initialized successfully - sym options: 0x614 - pdb path: .;C:\Users\Chris\.p2\pool\plugins\org.eclipse.justj.openjdk.hotspot.jre.full.win32.x86_64_17.0.2.v20220201-1208\jre\bin;C:\Windows\SYSTEM32;C:\Windows\WinSxS\amd64_microsoft.windows.common-controls_6595b64144ccf1df_6.0.19041.1110_none_60b5254171f9507e;C:\Users\Chris\.p2\pool\plugins\org.eclipse.justj.openjdk.hotspot.jre.full.win32.x86_64_17.0.2.v20220201-1208\jre\bin\server

VM Arguments:
jvm_args: -Xmx14336m -Xms1024m -Dfile.encoding=Cp1252 -XX:+ShowCodeDetailsInExceptionMessages 
java_command: ptyxio
java_class_path (initial): C:\Users\Chris\eclipse-workspace\Ptyxiaki\bin;C:\Users\Chris\.p2\pool\plugins\org.junit.jupiter.api_5.8.1.v20211018-1956.jar;C:\Users\Chris\.p2\pool\plugins\org.junit.jupiter.engine_5.8.1.v20211018-1956.jar;C:\Users\Chris\.p2\pool\plugins\org.junit.jupiter.migrationsupport_5.8.1.v20211018-1956.jar;C:\Users\Chris\.p2\pool\plugins\org.junit.jupiter.params_5.8.1.v20211018-1956.jar;C:\Users\Chris\.p2\pool\plugins\org.junit.platform.commons_1.8.1.v20211018-1956.jar;C:\Users\Chris\.p2\pool\plugins\org.junit.platform.engine_1.8.1.v20211018-1956.jar;C:\Users\Chris\.p2\pool\plugins\org.junit.platform.launcher_1.8.1.v20211018-1956.jar;C:\Users\Chris\.p2\pool\plugins\org.junit.platform.runner_1.8.1.v20211018-1956.jar;C:\Users\Chris\.p2\pool\plugins\org.junit.platform.suite.api_1.8.1.v20211018-1956.jar;C:\Users\Chris\.p2\pool\plugins\org.junit.platform.suite.engine_1.8.1.v20211028-1957.jar;C:\Users\Chris\.p2\pool\plugins\org.junit.platform.suite.commons_1.8.1.v20211018-1956.jar;C:\Users\Chris\.p2\pool\plugins\org.junit.vintage.engine_5.8.1.v20211018-1956.jar;C:\Users\Chris\.p2\pool\plugins\org.opentest4j_1.2.0.v20211018-1956.jar;C:\Users\Chris\.p2\pool\plugins\org.apiguardian_1.1.2.v20211018-1956.jar;C:\Users\Chris\.p2\pool\plugins\org.junit_4.13.2.v20211018-1956.jar;C:\Users\Chris\.p2\pool\plugins\org.hamcrest.core_1.3.0.v20180420-1519.jar
Launcher Type: SUN_STANDARD

[Global flags]
     intx CICompilerCount                          = 4                                         {product} {ergonomic}
     uint ConcGCThreads                            = 2                                         {product} {ergonomic}
     uint G1ConcRefinementThreads                  = 8                                         {product} {ergonomic}
   size_t G1HeapRegionSize                         = 8388608                                   {product} {ergonomic}
    uintx GCDrainStackTargetSize                   = 64                                        {product} {ergonomic}
   size_t InitialHeapSize                          = 1073741824                                {product} {command line}
   size_t MarkStackSize                            = 4194304                                   {product} {ergonomic}
   size_t MaxHeapSize                              = 15032385536                               {product} {command line}
   size_t MaxNewSize                               = 9017753600                                {product} {ergonomic}
   size_t MinHeapDeltaBytes                        = 8388608                                   {product} {ergonomic}
   size_t MinHeapSize                              = 1073741824                                {product} {command line}
    uintx NonNMethodCodeHeapSize                   = 5839372                                {pd product} {ergonomic}
    uintx NonProfiledCodeHeapSize                  = 122909434                              {pd product} {ergonomic}
    uintx ProfiledCodeHeapSize                     = 122909434                              {pd product} {ergonomic}
    uintx ReservedCodeCacheSize                    = 251658240                              {pd product} {ergonomic}
     bool SegmentedCodeCache                       = true                                      {product} {ergonomic}
     bool ShowCodeDetailsInExceptionMessages       = true                                   {manageable} {command line}
   size_t SoftMaxHeapSize                          = 15032385536                            {manageable} {ergonomic}
     bool UseCompressedClassPointers               = true                           {product lp64_product} {ergonomic}
     bool UseCompressedOops                        = true                           {product lp64_product} {ergonomic}
     bool UseG1GC                                  = true                                      {product} {ergonomic}
     bool UseLargePagesIndividualAllocation        = false                                  {pd product} {ergonomic}

Logging:
Log output configuration:
 #0: stdout all=warning uptime,level,tags
 #1: stderr all=off uptime,level,tags

Environment Variables:
PATH=C:/Users/Chris/.p2/pool/plugins/org.eclipse.justj.openjdk.hotspot.jre.full.win32.x86_64_17.0.2.v20220201-1208/jre/bin/server;C:/Users/Chris/.p2/pool/plugins/org.eclipse.justj.openjdk.hotspot.jre.full.win32.x86_64_17.0.2.v20220201-1208/jre/bin;C:\Program Files (x86)\Common Files\Oracle\Java\javapath;C:\Windows\system32;C:\Windows;C:\Windows\System32\Wbem;C:\Windows\System32\WindowsPowerShell\v1.0\;C:\Windows\System32\OpenSSH\;C:\Program Files (x86)\NVIDIA Corporation\PhysX\Common;C:\Users\Visitor\AppData\Local\Programs\Python\Python38\Scripts;C:\Users\Visitor\AppData\Local\Programs\Python\Python38;C:\Program Files\Git\cmd;C:\Users\anast\maven\apache-maven-3.8.3-bin\apache-maven-3.8.3\bin;C:\Users\Chris\AppData\Local\Microsoft\WindowsApps;;C:\Users\Chris\Desktop;
USERNAME=Chris
OS=Windows_NT
PROCESSOR_IDENTIFIER=Intel64 Family 6 Model 140 Stepping 1, GenuineIntel



---------------  S Y S T E M  ---------------

OS:
 Windows 10 , 64 bit Build 19041 (10.0.19041.1566)
OS uptime: 1 days 22:29 hours

CPU: total 8 (initial active 8) (4 cores per cpu, 2 threads per core) family 6 model 140 stepping 1 microcode 0x60, cx8, cmov, fxsr, ht, mmx, 3dnowpref, sse, sse2, sse3, ssse3, sse4.1, sse4.2, popcnt, lzcnt, tsc, tscinvbit, avx, avx2, aes, erms, clmul, bmi1, bmi2, adx, avx512f, avx512dq, avx512cd, avx512bw, avx512vl, sha, fma, vzeroupper, avx512_vpopcntdq, avx512_vpclmulqdq, avx512_vaes, avx512_vnni, clflush, clflushopt, clwb, avx512_vbmi2, avx512_vbmi

Memory: 4k page, system-wide physical 16062M (849M free)
TotalPageFile size 38643M (AvailPageFile size 489M)
current process WorkingSet (physical memory assigned to process): 250M, peak: 250M
current process commit charge ("private bytes"): 1139M, peak: 3019M

vm_info: OpenJDK 64-Bit Server VM (17.0.2+8) for windows-amd64 JRE (17.0.2+8), built on Jan 20 2022 04:52:34 by "" with MS VC++ 16.7 (VS2019)

END.
